-- The C compiler identification is GNU 9.4.0
-- The CXX compiler identification is GNU 9.4.0
-- Check for working C compiler: /usr/bin/cc
-- Check for working C compiler: /usr/bin/cc -- works
-- Detecting C compiler ABI info
-- Detecting C compiler ABI info - done
-- Detecting C compile features
-- Detecting C compile features - done
-- Check for working CXX compiler: /usr/bin/c++
-- Check for working CXX compiler: /usr/bin/c++ -- works
-- Detecting CXX compiler ABI info
-- Detecting CXX compiler ABI info - done
-- Detecting CXX compile features
-- Detecting CXX compile features - done
-- Found ament_cmake: 0.9.12 (/opt/ros/foxy/share/ament_cmake/cmake)
-- Found PythonInterp: /usr/bin/python3 (found suitable version "3.8.10", minimum required is "3") 
-- Using PYTHON_EXECUTABLE: /usr/bin/python3
-- Override CMake install command with custom implementation using symlinks instead of copying resources
-- Found geometry_msgs: 2.0.5 (/opt/ros/foxy/share/geometry_msgs/cmake)
-- Using all available rosidl_typesupport_c: rosidl_typesupport_fastrtps_c;rosidl_typesupport_introspection_c
-- Found rosidl_adapter: 1.3.1 (/opt/ros/foxy/share/rosidl_adapter/cmake)
-- Found OpenSSL: /usr/lib/x86_64-linux-gnu/libcrypto.so (found version "1.1.1f")  
-- Found FastRTPS: /opt/ros/foxy/include  
-- Using all available rosidl_typesupport_cpp: rosidl_typesupport_fastrtps_cpp;rosidl_typesupport_introspection_cpp
-- Found rosidl_default_generators: 1.0.1 (/opt/ros/foxy/share/rosidl_default_generators/cmake)
-- Found sensor_msgs: 2.0.5 (/opt/ros/foxy/share/sensor_msgs/cmake)
-- Found PythonInterp: /usr/bin/python3 (found version "3.8.10") 
-- Found ament_cmake_ros: 0.9.2 (/opt/ros/foxy/share/ament_cmake_ros/cmake)
-- Using all available rosidl_typesupport_c: rosidl_typesupport_fastrtps_c;rosidl_typesupport_introspection_c
-- Using all available rosidl_typesupport_cpp: rosidl_typesupport_fastrtps_cpp;rosidl_typesupport_introspection_cpp
-- Found PythonInterp: /usr/bin/python3 (found suitable version "3.8.10", minimum required is "3.5") 
-- Found python_cmake_module: 0.8.1 (/opt/ros/foxy/share/python_cmake_module/cmake)
-- Found PythonLibs: /usr/lib/x86_64-linux-gnu/libpython3.8.so (found suitable version "3.8.10", minimum required is "3.5") 
-- Using PYTHON_EXECUTABLE: /usr/bin/python3
-- Using PYTHON_INCLUDE_DIRS: /usr/include/python3.8
-- Using PYTHON_LIBRARIES: /usr/lib/x86_64-linux-gnu/libpython3.8.so
-- Found PythonExtra: .so  
-- Found ament_lint_auto: 0.9.8 (/opt/ros/foxy/share/ament_lint_auto/cmake)
-- Added test 'copyright' to check source files copyright and LICENSE
-- Added test 'lint_cmake' to check CMake code style
-- Added test 'xmllint' to check XML markup files
-- Configuring done
-- Generating done
-- Build files have been written to: /home/racecar/racecar_ws/src/final_challenge2024/build/fc_msgs
[35m[1mScanning dependencies of target fc_msgs__cpp[0m
[  1%] [34m[1mGenerating C++ code for ROS interfaces[0m
[  1%] Built target fc_msgs__cpp
[  2%] [34m[1mGenerating C code for ROS interfaces[0m
[35m[1mScanning dependencies of target fc_msgs__rosidl_generator_c[0m
[  4%] [32mBuilding C object CMakeFiles/fc_msgs__rosidl_generator_c.dir/rosidl_generator_c/fc_msgs/msg/detail/stop_sign__functions.c.o[0m
[  5%] [32mBuilding C object CMakeFiles/fc_msgs__rosidl_generator_c.dir/rosidl_generator_c/fc_msgs/msg/detail/stop_light_location__functions.c.o[0m
[  7%] [32mBuilding C object CMakeFiles/fc_msgs__rosidl_generator_c.dir/rosidl_generator_c/fc_msgs/msg/detail/stop_light_pixel__functions.c.o[0m
[  8%] [32mBuilding C object CMakeFiles/fc_msgs__rosidl_generator_c.dir/rosidl_generator_c/fc_msgs/action/detail/find_path__functions.c.o[0m
[  9%] [32mBuilding C object CMakeFiles/fc_msgs__rosidl_generator_c.dir/rosidl_generator_c/fc_msgs/srv/detail/lane_project__functions.c.o[0m
[ 11%] [32mBuilding C object CMakeFiles/fc_msgs__rosidl_generator_c.dir/rosidl_generator_c/fc_msgs/action/detail/navigate_to_pose__functions.c.o[0m
[ 12%] [32m[1mLinking C shared library libfc_msgs__rosidl_generator_c.so[0m
[ 12%] Built target fc_msgs__rosidl_generator_c
[ 14%] [34m[1mGenerating C++ introspection for ROS interfaces[0m
[ 15%] [34m[1mGenerating C++ type support for eProsima Fast-RTPS[0m
[ 16%] [34m[1mGenerating C type support dispatch for ROS interfaces[0m
[ 18%] [34m[1mGenerating C introspection for ROS interfaces[0m
[ 19%] [34m[1mGenerating C++ type support dispatch for ROS interfaces[0m
[35m[1mScanning dependencies of target fc_msgs__rosidl_typesupport_c[0m
[35m[1mScanning dependencies of target fc_msgs__rosidl_typesupport_cpp[0m
[35m[1mScanning dependencies of target fc_msgs__rosidl_typesupport_introspection_cpp[0m
[ 21%] [32mBuilding CXX object CMakeFiles/fc_msgs__rosidl_typesupport_c.dir/rosidl_typesupport_c/fc_msgs/msg/stop_sign__type_support.cpp.o[0m
[35m[1mScanning dependencies of target fc_msgs__rosidl_typesupport_fastrtps_cpp[0m
[35m[1mScanning dependencies of target fc_msgs__rosidl_typesupport_introspection_c[0m
[ 22%] [32mBuilding CXX object CMakeFiles/fc_msgs__rosidl_typesupport_cpp.dir/rosidl_typesupport_cpp/fc_msgs/msg/stop_sign__type_support.cpp.o[0m
[ 23%] [32mBuilding CXX object CMakeFiles/fc_msgs__rosidl_typesupport_c.dir/rosidl_typesupport_c/fc_msgs/srv/lane_project__type_support.cpp.o[0m
[ 25%] [32mBuilding CXX object CMakeFiles/fc_msgs__rosidl_typesupport_introspection_cpp.dir/rosidl_typesupport_introspection_cpp/fc_msgs/msg/detail/stop_sign__type_support.cpp.o[0m
[ 26%] [32mBuilding CXX object CMakeFiles/fc_msgs__rosidl_typesupport_fastrtps_cpp.dir/rosidl_typesupport_fastrtps_cpp/fc_msgs/msg/detail/dds_fastrtps/stop_sign__type_support.cpp.o[0m
[ 28%] [32mBuilding CXX object CMakeFiles/fc_msgs__rosidl_typesupport_introspection_cpp.dir/rosidl_typesupport_introspection_cpp/fc_msgs/msg/detail/stop_light_pixel__type_support.cpp.o[0m
[ 29%] [32mBuilding CXX object CMakeFiles/fc_msgs__rosidl_typesupport_cpp.dir/rosidl_typesupport_cpp/fc_msgs/action/navigate_to_pose__type_support.cpp.o[0m
[ 30%] [32mBuilding CXX object CMakeFiles/fc_msgs__rosidl_typesupport_cpp.dir/rosidl_typesupport_cpp/fc_msgs/srv/lane_project__type_support.cpp.o[0m
[ 32%] [32mBuilding CXX object CMakeFiles/fc_msgs__rosidl_typesupport_introspection_cpp.dir/rosidl_typesupport_introspection_cpp/fc_msgs/action/detail/navigate_to_pose__type_support.cpp.o[0m
[ 33%] [32mBuilding CXX object CMakeFiles/fc_msgs__rosidl_typesupport_c.dir/rosidl_typesupport_c/fc_msgs/action/find_path__type_support.cpp.o[0m
[ 35%] [32mBuilding CXX object CMakeFiles/fc_msgs__rosidl_typesupport_c.dir/rosidl_typesupport_c/fc_msgs/action/navigate_to_pose__type_support.cpp.o[0m
[ 36%] [32mBuilding C object CMakeFiles/fc_msgs__rosidl_typesupport_introspection_c.dir/rosidl_typesupport_introspection_c/fc_msgs/msg/detail/stop_sign__type_support.c.o[0m
[ 38%] [32mBuilding CXX object CMakeFiles/fc_msgs__rosidl_typesupport_introspection_cpp.dir/rosidl_typesupport_introspection_cpp/fc_msgs/action/detail/find_path__type_support.cpp.o[0m
[ 39%] [32mBuilding CXX object CMakeFiles/fc_msgs__rosidl_typesupport_introspection_cpp.dir/rosidl_typesupport_introspection_cpp/fc_msgs/msg/detail/stop_light_location__type_support.cpp.o[0m
[ 40%] [32mBuilding CXX object CMakeFiles/fc_msgs__rosidl_typesupport_fastrtps_cpp.dir/rosidl_typesupport_fastrtps_cpp/fc_msgs/msg/detail/dds_fastrtps/stop_light_location__type_support.cpp.o[0m
[ 42%] [32mBuilding CXX object CMakeFiles/fc_msgs__rosidl_typesupport_cpp.dir/rosidl_typesupport_cpp/fc_msgs/action/find_path__type_support.cpp.o[0m
[ 43%] [32mBuilding CXX object CMakeFiles/fc_msgs__rosidl_typesupport_c.dir/rosidl_typesupport_c/fc_msgs/msg/stop_light_pixel__type_support.cpp.o[0m
[ 45%] [32mBuilding C object CMakeFiles/fc_msgs__rosidl_typesupport_introspection_c.dir/rosidl_typesupport_introspection_c/fc_msgs/msg/detail/stop_light_location__type_support.c.o[0m
[ 46%] [32mBuilding CXX object CMakeFiles/fc_msgs__rosidl_typesupport_introspection_cpp.dir/rosidl_typesupport_introspection_cpp/fc_msgs/srv/detail/lane_project__type_support.cpp.o[0m
[ 47%] [32mBuilding CXX object CMakeFiles/fc_msgs__rosidl_typesupport_fastrtps_cpp.dir/rosidl_typesupport_fastrtps_cpp/fc_msgs/srv/detail/dds_fastrtps/lane_project__type_support.cpp.o[0m
[ 49%] [32mBuilding CXX object CMakeFiles/fc_msgs__rosidl_typesupport_c.dir/rosidl_typesupport_c/fc_msgs/msg/stop_light_location__type_support.cpp.o[0m
[ 50%] [32mBuilding C object CMakeFiles/fc_msgs__rosidl_typesupport_introspection_c.dir/rosidl_typesupport_introspection_c/fc_msgs/srv/detail/lane_project__type_support.c.o[0m
[ 52%] [32mBuilding CXX object CMakeFiles/fc_msgs__rosidl_typesupport_cpp.dir/rosidl_typesupport_cpp/fc_msgs/msg/stop_light_pixel__type_support.cpp.o[0m
[ 53%] [32m[1mLinking CXX shared library libfc_msgs__rosidl_typesupport_introspection_cpp.so[0m
[ 54%] [32m[1mLinking CXX shared library libfc_msgs__rosidl_typesupport_c.so[0m
[ 56%] [32mBuilding C object CMakeFiles/fc_msgs__rosidl_typesupport_introspection_c.dir/rosidl_typesupport_introspection_c/fc_msgs/action/detail/navigate_to_pose__type_support.c.o[0m
[ 57%] [32mBuilding C object CMakeFiles/fc_msgs__rosidl_typesupport_introspection_c.dir/rosidl_typesupport_introspection_c/fc_msgs/action/detail/find_path__type_support.c.o[0m
[ 59%] [32mBuilding CXX object CMakeFiles/fc_msgs__rosidl_typesupport_cpp.dir/rosidl_typesupport_cpp/fc_msgs/msg/stop_light_location__type_support.cpp.o[0m
[ 60%] [32mBuilding CXX object CMakeFiles/fc_msgs__rosidl_typesupport_fastrtps_cpp.dir/rosidl_typesupport_fastrtps_cpp/fc_msgs/action/detail/dds_fastrtps/find_path__type_support.cpp.o[0m
[ 61%] [32mBuilding CXX object CMakeFiles/fc_msgs__rosidl_typesupport_fastrtps_cpp.dir/rosidl_typesupport_fastrtps_cpp/fc_msgs/action/detail/dds_fastrtps/navigate_to_pose__type_support.cpp.o[0m
[ 63%] [32mBuilding C object CMakeFiles/fc_msgs__rosidl_typesupport_introspection_c.dir/rosidl_typesupport_introspection_c/fc_msgs/msg/detail/stop_light_pixel__type_support.c.o[0m
[ 63%] Built target fc_msgs__rosidl_typesupport_c
[ 63%] Built target fc_msgs__rosidl_typesupport_introspection_cpp
[ 64%] [32m[1mLinking CXX shared library libfc_msgs__rosidl_typesupport_cpp.so[0m
[ 66%] [32mBuilding CXX object CMakeFiles/fc_msgs__rosidl_typesupport_fastrtps_cpp.dir/rosidl_typesupport_fastrtps_cpp/fc_msgs/msg/detail/dds_fastrtps/stop_light_pixel__type_support.cpp.o[0m
[ 67%] [32m[1mLinking C shared library libfc_msgs__rosidl_typesupport_introspection_c.so[0m
[ 67%] Built target fc_msgs__rosidl_typesupport_cpp
[ 69%] [32m[1mLinking CXX shared library libfc_msgs__rosidl_typesupport_fastrtps_cpp.so[0m
[ 69%] Built target fc_msgs__rosidl_typesupport_introspection_c
[ 69%] Built target fc_msgs__rosidl_typesupport_fastrtps_cpp
[ 70%] [34m[1mGenerating C type support for eProsima Fast-RTPS[0m
[35m[1mScanning dependencies of target fc_msgs__rosidl_typesupport_fastrtps_c[0m
[ 71%] [32mBuilding CXX object CMakeFiles/fc_msgs__rosidl_typesupport_fastrtps_c.dir/rosidl_typesupport_fastrtps_c/fc_msgs/msg/detail/stop_sign__type_support_c.cpp.o[0m
[ 73%] [32mBuilding CXX object CMakeFiles/fc_msgs__rosidl_typesupport_fastrtps_c.dir/rosidl_typesupport_fastrtps_c/fc_msgs/msg/detail/stop_light_location__type_support_c.cpp.o[0m
[ 74%] [32mBuilding CXX object CMakeFiles/fc_msgs__rosidl_typesupport_fastrtps_c.dir/rosidl_typesupport_fastrtps_c/fc_msgs/msg/detail/stop_light_pixel__type_support_c.cpp.o[0m
[ 76%] [32mBuilding CXX object CMakeFiles/fc_msgs__rosidl_typesupport_fastrtps_c.dir/rosidl_typesupport_fastrtps_c/fc_msgs/action/detail/find_path__type_support_c.cpp.o[0m
[ 77%] [32mBuilding CXX object CMakeFiles/fc_msgs__rosidl_typesupport_fastrtps_c.dir/rosidl_typesupport_fastrtps_c/fc_msgs/action/detail/navigate_to_pose__type_support_c.cpp.o[0m
[ 78%] [32mBuilding CXX object CMakeFiles/fc_msgs__rosidl_typesupport_fastrtps_c.dir/rosidl_typesupport_fastrtps_c/fc_msgs/srv/detail/lane_project__type_support_c.cpp.o[0m
[ 80%] [32m[1mLinking CXX shared library libfc_msgs__rosidl_typesupport_fastrtps_c.so[0m
[ 80%] Built target fc_msgs__rosidl_typesupport_fastrtps_c
[35m[1mScanning dependencies of target fc_msgs[0m
[ 80%] Built target fc_msgs
[35m[1mScanning dependencies of target fc_msgs__py[0m
[ 81%] [34m[1mGenerating Python code for ROS interfaces[0m
[ 81%] Built target fc_msgs__py
[35m[1mScanning dependencies of target fc_msgs__python[0m
[ 83%] [32mBuilding C object CMakeFiles/fc_msgs__python.dir/rosidl_generator_py/fc_msgs/msg/_stop_sign_s.c.o[0m
[ 84%] [32mBuilding C object CMakeFiles/fc_msgs__python.dir/rosidl_generator_py/fc_msgs/msg/_stop_light_location_s.c.o[0m
[ 85%] [32mBuilding C object CMakeFiles/fc_msgs__python.dir/rosidl_generator_py/fc_msgs/action/_navigate_to_pose_s.c.o[0m
[ 87%] [32mBuilding C object CMakeFiles/fc_msgs__python.dir/rosidl_generator_py/fc_msgs/msg/_stop_light_pixel_s.c.o[0m
[ 88%] [32mBuilding C object CMakeFiles/fc_msgs__python.dir/rosidl_generator_py/fc_msgs/action/_find_path_s.c.o[0m
[ 90%] [32mBuilding C object CMakeFiles/fc_msgs__python.dir/rosidl_generator_py/fc_msgs/srv/_lane_project_s.c.o[0m
[ 91%] [32m[1mLinking C shared library rosidl_generator_py/fc_msgs/libfc_msgs__python.so[0m
[ 91%] Built target fc_msgs__python
[35m[1mScanning dependencies of target fc_msgs__rosidl_typesupport_c__pyext[0m
[35m[1mScanning dependencies of target fc_msgs__rosidl_typesupport_fastrtps_c__pyext[0m
[35m[1mScanning dependencies of target fc_msgs__rosidl_typesupport_introspection_c__pyext[0m
[ 92%] [32mBuilding C object CMakeFiles/fc_msgs__rosidl_typesupport_c__pyext.dir/rosidl_generator_py/fc_msgs/_fc_msgs_s.ep.rosidl_typesupport_c.c.o[0m
[ 94%] [32mBuilding C object CMakeFiles/fc_msgs__rosidl_typesupport_introspection_c__pyext.dir/rosidl_generator_py/fc_msgs/_fc_msgs_s.ep.rosidl_typesupport_introspection_c.c.o[0m
[ 95%] [32mBuilding C object CMakeFiles/fc_msgs__rosidl_typesupport_fastrtps_c__pyext.dir/rosidl_generator_py/fc_msgs/_fc_msgs_s.ep.rosidl_typesupport_fastrtps_c.c.o[0m
[ 97%] [32m[1mLinking C shared library rosidl_generator_py/fc_msgs/fc_msgs_s__rosidl_typesupport_c.cpython-38-x86_64-linux-gnu.so[0m
[ 98%] [32m[1mLinking C shared library rosidl_generator_py/fc_msgs/fc_msgs_s__rosidl_typesupport_introspection_c.cpython-38-x86_64-linux-gnu.so[0m
[100%] [32m[1mLinking CXX shared library rosidl_generator_py/fc_msgs/fc_msgs_s__rosidl_typesupport_fastrtps_c.cpython-38-x86_64-linux-gnu.so[0m
[100%] Built target fc_msgs__rosidl_typesupport_c__pyext
[100%] Built target fc_msgs__rosidl_typesupport_introspection_c__pyext
[100%] Built target fc_msgs__rosidl_typesupport_fastrtps_c__pyext
-- Install configuration: ""
-- Execute custom install script
-- Symlinking: /home/racecar/racecar_ws/src/final_challenge2024/install/fc_msgs/share/ament_index/resource_index/rosidl_interfaces/fc_msgs
-- Symlinking: /home/racecar/racecar_ws/src/final_challenge2024/install/fc_msgs/include/fc_msgs/action/detail/find_path__functions.h
-- Symlinking: /home/racecar/racecar_ws/src/final_challenge2024/install/fc_msgs/include/fc_msgs/action/detail/find_path__struct.h
-- Symlinking: /home/racecar/racecar_ws/src/final_challenge2024/install/fc_msgs/include/fc_msgs/action/detail/find_path__type_support.h
-- Symlinking: /home/racecar/racecar_ws/src/final_challenge2024/install/fc_msgs/include/fc_msgs/action/detail/navigate_to_pose__functions.h
-- Symlinking: /home/racecar/racecar_ws/src/final_challenge2024/install/fc_msgs/include/fc_msgs/action/detail/navigate_to_pose__struct.h
-- Symlinking: /home/racecar/racecar_ws/src/final_challenge2024/install/fc_msgs/include/fc_msgs/action/detail/navigate_to_pose__type_support.h
-- Symlinking: /home/racecar/racecar_ws/src/final_challenge2024/install/fc_msgs/include/fc_msgs/action/find_path.h
-- Symlinking: /home/racecar/racecar_ws/src/final_challenge2024/install/fc_msgs/include/fc_msgs/action/navigate_to_pose.h
-- Symlinking: /home/racecar/racecar_ws/src/final_challenge2024/install/fc_msgs/include/fc_msgs/msg/detail/stop_light_location__functions.h
-- Symlinking: /home/racecar/racecar_ws/src/final_challenge2024/install/fc_msgs/include/fc_msgs/msg/detail/stop_light_location__struct.h
-- Symlinking: /home/racecar/racecar_ws/src/final_challenge2024/install/fc_msgs/include/fc_msgs/msg/detail/stop_light_location__type_support.h
-- Symlinking: /home/racecar/racecar_ws/src/final_challenge2024/install/fc_msgs/include/fc_msgs/msg/detail/stop_light_pixel__functions.h
-- Symlinking: /home/racecar/racecar_ws/src/final_challenge2024/install/fc_msgs/include/fc_msgs/msg/detail/stop_light_pixel__struct.h
-- Symlinking: /home/racecar/racecar_ws/src/final_challenge2024/install/fc_msgs/include/fc_msgs/msg/detail/stop_light_pixel__type_support.h
-- Symlinking: /home/racecar/racecar_ws/src/final_challenge2024/install/fc_msgs/include/fc_msgs/msg/detail/stop_sign__functions.h
-- Symlinking: /home/racecar/racecar_ws/src/final_challenge2024/install/fc_msgs/include/fc_msgs/msg/detail/stop_sign__struct.h
-- Symlinking: /home/racecar/racecar_ws/src/final_challenge2024/install/fc_msgs/include/fc_msgs/msg/detail/stop_sign__type_support.h
-- Symlinking: /home/racecar/racecar_ws/src/final_challenge2024/install/fc_msgs/include/fc_msgs/msg/rosidl_generator_c__visibility_control.h
-- Symlinking: /home/racecar/racecar_ws/src/final_challenge2024/install/fc_msgs/include/fc_msgs/msg/stop_light_location.h
-- Symlinking: /home/racecar/racecar_ws/src/final_challenge2024/install/fc_msgs/include/fc_msgs/msg/stop_light_pixel.h
-- Symlinking: /home/racecar/racecar_ws/src/final_challenge2024/install/fc_msgs/include/fc_msgs/msg/stop_sign.h
-- Symlinking: /home/racecar/racecar_ws/src/final_challenge2024/install/fc_msgs/include/fc_msgs/srv/detail/lane_project__functions.h
-- Symlinking: /home/racecar/racecar_ws/src/final_challenge2024/install/fc_msgs/include/fc_msgs/srv/detail/lane_project__struct.h
-- Symlinking: /home/racecar/racecar_ws/src/final_challenge2024/install/fc_msgs/include/fc_msgs/srv/detail/lane_project__type_support.h
-- Symlinking: /home/racecar/racecar_ws/src/final_challenge2024/install/fc_msgs/include/fc_msgs/srv/lane_project.h
-- Symlinking: /home/racecar/racecar_ws/src/final_challenge2024/install/fc_msgs/share/fc_msgs/environment/library_path.sh
-- Symlinking: /home/racecar/racecar_ws/src/final_challenge2024/install/fc_msgs/share/fc_msgs/environment/library_path.dsv
-- Symlinking: /home/racecar/racecar_ws/src/final_challenge2024/install/fc_msgs/include/fc_msgs/action/detail/find_path__rosidl_typesupport_fastrtps_c.h
-- Symlinking: /home/racecar/racecar_ws/src/final_challenge2024/install/fc_msgs/include/fc_msgs/action/detail/navigate_to_pose__rosidl_typesupport_fastrtps_c.h
-- Symlinking: /home/racecar/racecar_ws/src/final_challenge2024/install/fc_msgs/include/fc_msgs/msg/detail/stop_light_location__rosidl_typesupport_fastrtps_c.h
-- Symlinking: /home/racecar/racecar_ws/src/final_challenge2024/install/fc_msgs/include/fc_msgs/msg/detail/stop_light_pixel__rosidl_typesupport_fastrtps_c.h
-- Symlinking: /home/racecar/racecar_ws/src/final_challenge2024/install/fc_msgs/include/fc_msgs/msg/detail/stop_sign__rosidl_typesupport_fastrtps_c.h
-- Symlinking: /home/racecar/racecar_ws/src/final_challenge2024/install/fc_msgs/include/fc_msgs/msg/rosidl_typesupport_fastrtps_c__visibility_control.h
-- Symlinking: /home/racecar/racecar_ws/src/final_challenge2024/install/fc_msgs/include/fc_msgs/srv/detail/lane_project__rosidl_typesupport_fastrtps_c.h
-- Symlinking: /home/racecar/racecar_ws/src/final_challenge2024/install/fc_msgs/lib/libfc_msgs__rosidl_typesupport_fastrtps_c.so
-- Symlinking: /home/racecar/racecar_ws/src/final_challenge2024/install/fc_msgs/include/fc_msgs/action/detail/find_path__rosidl_typesupport_fastrtps_cpp.hpp
-- Symlinking: /home/racecar/racecar_ws/src/final_challenge2024/install/fc_msgs/include/fc_msgs/action/detail/navigate_to_pose__rosidl_typesupport_fastrtps_cpp.hpp
-- Symlinking: /home/racecar/racecar_ws/src/final_challenge2024/install/fc_msgs/include/fc_msgs/msg/detail/stop_light_location__rosidl_typesupport_fastrtps_cpp.hpp
-- Symlinking: /home/racecar/racecar_ws/src/final_challenge2024/install/fc_msgs/include/fc_msgs/msg/detail/stop_light_pixel__rosidl_typesupport_fastrtps_cpp.hpp
-- Symlinking: /home/racecar/racecar_ws/src/final_challenge2024/install/fc_msgs/include/fc_msgs/msg/detail/stop_sign__rosidl_typesupport_fastrtps_cpp.hpp
-- Symlinking: /home/racecar/racecar_ws/src/final_challenge2024/install/fc_msgs/include/fc_msgs/msg/rosidl_typesupport_fastrtps_cpp__visibility_control.h
-- Symlinking: /home/racecar/racecar_ws/src/final_challenge2024/install/fc_msgs/include/fc_msgs/srv/detail/lane_project__rosidl_typesupport_fastrtps_cpp.hpp
-- Symlinking: /home/racecar/racecar_ws/src/final_challenge2024/install/fc_msgs/lib/libfc_msgs__rosidl_typesupport_fastrtps_cpp.so
-- Symlinking: /home/racecar/racecar_ws/src/final_challenge2024/install/fc_msgs/include/fc_msgs/action/detail/find_path__rosidl_typesupport_introspection_c.h
-- Symlinking: /home/racecar/racecar_ws/src/final_challenge2024/install/fc_msgs/include/fc_msgs/action/detail/navigate_to_pose__rosidl_typesupport_introspection_c.h
-- Symlinking: /home/racecar/racecar_ws/src/final_challenge2024/install/fc_msgs/include/fc_msgs/msg/detail/stop_light_location__rosidl_typesupport_introspection_c.h
-- Symlinking: /home/racecar/racecar_ws/src/final_challenge2024/install/fc_msgs/include/fc_msgs/msg/detail/stop_light_pixel__rosidl_typesupport_introspection_c.h
-- Symlinking: /home/racecar/racecar_ws/src/final_challenge2024/install/fc_msgs/include/fc_msgs/msg/detail/stop_sign__rosidl_typesupport_introspection_c.h
-- Symlinking: /home/racecar/racecar_ws/src/final_challenge2024/install/fc_msgs/include/fc_msgs/msg/rosidl_typesupport_introspection_c__visibility_control.h
-- Symlinking: /home/racecar/racecar_ws/src/final_challenge2024/install/fc_msgs/include/fc_msgs/srv/detail/lane_project__rosidl_typesupport_introspection_c.h
-- Symlinking: /home/racecar/racecar_ws/src/final_challenge2024/install/fc_msgs/include/fc_msgs/action/detail/find_path__builder.hpp
-- Symlinking: /home/racecar/racecar_ws/src/final_challenge2024/install/fc_msgs/include/fc_msgs/action/detail/find_path__struct.hpp
-- Symlinking: /home/racecar/racecar_ws/src/final_challenge2024/install/fc_msgs/include/fc_msgs/action/detail/find_path__traits.hpp
-- Symlinking: /home/racecar/racecar_ws/src/final_challenge2024/install/fc_msgs/include/fc_msgs/action/detail/find_path__type_support.hpp
-- Symlinking: /home/racecar/racecar_ws/src/final_challenge2024/install/fc_msgs/include/fc_msgs/action/detail/navigate_to_pose__builder.hpp
-- Symlinking: /home/racecar/racecar_ws/src/final_challenge2024/install/fc_msgs/include/fc_msgs/action/detail/navigate_to_pose__struct.hpp
-- Symlinking: /home/racecar/racecar_ws/src/final_challenge2024/install/fc_msgs/include/fc_msgs/action/detail/navigate_to_pose__traits.hpp
-- Symlinking: /home/racecar/racecar_ws/src/final_challenge2024/install/fc_msgs/include/fc_msgs/action/detail/navigate_to_pose__type_support.hpp
-- Symlinking: /home/racecar/racecar_ws/src/final_challenge2024/install/fc_msgs/include/fc_msgs/action/find_path.hpp
-- Symlinking: /home/racecar/racecar_ws/src/final_challenge2024/install/fc_msgs/include/fc_msgs/action/navigate_to_pose.hpp
-- Symlinking: /home/racecar/racecar_ws/src/final_challenge2024/install/fc_msgs/include/fc_msgs/msg/detail/stop_light_location__builder.hpp
-- Symlinking: /home/racecar/racecar_ws/src/final_challenge2024/install/fc_msgs/include/fc_msgs/msg/detail/stop_light_location__struct.hpp
-- Symlinking: /home/racecar/racecar_ws/src/final_challenge2024/install/fc_msgs/include/fc_msgs/msg/detail/stop_light_location__traits.hpp
-- Symlinking: /home/racecar/racecar_ws/src/final_challenge2024/install/fc_msgs/include/fc_msgs/msg/detail/stop_light_location__type_support.hpp
-- Symlinking: /home/racecar/racecar_ws/src/final_challenge2024/install/fc_msgs/include/fc_msgs/msg/detail/stop_light_pixel__builder.hpp
-- Symlinking: /home/racecar/racecar_ws/src/final_challenge2024/install/fc_msgs/include/fc_msgs/msg/detail/stop_light_pixel__struct.hpp
-- Symlinking: /home/racecar/racecar_ws/src/final_challenge2024/install/fc_msgs/include/fc_msgs/msg/detail/stop_light_pixel__traits.hpp
-- Symlinking: /home/racecar/racecar_ws/src/final_challenge2024/install/fc_msgs/include/fc_msgs/msg/detail/stop_light_pixel__type_support.hpp
-- Symlinking: /home/racecar/racecar_ws/src/final_challenge2024/install/fc_msgs/include/fc_msgs/msg/detail/stop_sign__builder.hpp
-- Symlinking: /home/racecar/racecar_ws/src/final_challenge2024/install/fc_msgs/include/fc_msgs/msg/detail/stop_sign__struct.hpp
-- Symlinking: /home/racecar/racecar_ws/src/final_challenge2024/install/fc_msgs/include/fc_msgs/msg/detail/stop_sign__traits.hpp
-- Symlinking: /home/racecar/racecar_ws/src/final_challenge2024/install/fc_msgs/include/fc_msgs/msg/detail/stop_sign__type_support.hpp
-- Symlinking: /home/racecar/racecar_ws/src/final_challenge2024/install/fc_msgs/include/fc_msgs/msg/rosidl_generator_cpp__visibility_control.hpp
-- Symlinking: /home/racecar/racecar_ws/src/final_challenge2024/install/fc_msgs/include/fc_msgs/msg/stop_light_location.hpp
-- Symlinking: /home/racecar/racecar_ws/src/final_challenge2024/install/fc_msgs/include/fc_msgs/msg/stop_light_pixel.hpp
-- Symlinking: /home/racecar/racecar_ws/src/final_challenge2024/install/fc_msgs/include/fc_msgs/msg/stop_sign.hpp
-- Symlinking: /home/racecar/racecar_ws/src/final_challenge2024/install/fc_msgs/include/fc_msgs/srv/detail/lane_project__builder.hpp
-- Symlinking: /home/racecar/racecar_ws/src/final_challenge2024/install/fc_msgs/include/fc_msgs/srv/detail/lane_project__struct.hpp
-- Symlinking: /home/racecar/racecar_ws/src/final_challenge2024/install/fc_msgs/include/fc_msgs/srv/detail/lane_project__traits.hpp
-- Symlinking: /home/racecar/racecar_ws/src/final_challenge2024/install/fc_msgs/include/fc_msgs/srv/detail/lane_project__type_support.hpp
-- Symlinking: /home/racecar/racecar_ws/src/final_challenge2024/install/fc_msgs/include/fc_msgs/srv/lane_project.hpp
-- Symlinking: /home/racecar/racecar_ws/src/final_challenge2024/install/fc_msgs/include/fc_msgs/action/detail/find_path__rosidl_typesupport_introspection_cpp.hpp
-- Symlinking: /home/racecar/racecar_ws/src/final_challenge2024/install/fc_msgs/include/fc_msgs/action/detail/navigate_to_pose__rosidl_typesupport_introspection_cpp.hpp
-- Symlinking: /home/racecar/racecar_ws/src/final_challenge2024/install/fc_msgs/include/fc_msgs/msg/detail/stop_light_location__rosidl_typesupport_introspection_cpp.hpp
-- Symlinking: /home/racecar/racecar_ws/src/final_challenge2024/install/fc_msgs/include/fc_msgs/msg/detail/stop_light_pixel__rosidl_typesupport_introspection_cpp.hpp
-- Symlinking: /home/racecar/racecar_ws/src/final_challenge2024/install/fc_msgs/include/fc_msgs/msg/detail/stop_sign__rosidl_typesupport_introspection_cpp.hpp
-- Symlinking: /home/racecar/racecar_ws/src/final_challenge2024/install/fc_msgs/include/fc_msgs/srv/detail/lane_project__rosidl_typesupport_introspection_cpp.hpp
-- Symlinking: /home/racecar/racecar_ws/src/final_challenge2024/install/fc_msgs/share/fc_msgs/environment/pythonpath.sh
-- Symlinking: /home/racecar/racecar_ws/src/final_challenge2024/install/fc_msgs/share/fc_msgs/environment/pythonpath.dsv
-- Symlinking: /home/racecar/racecar_ws/src/final_challenge2024/install/fc_msgs/lib/python3.8/site-packages/fc_msgs/__init__.py
-- Symlinking: /home/racecar/racecar_ws/src/final_challenge2024/install/fc_msgs/lib/python3.8/site-packages/fc_msgs/msg/__init__.py
-- Symlinking: /home/racecar/racecar_ws/src/final_challenge2024/install/fc_msgs/lib/python3.8/site-packages/fc_msgs/msg/_stop_light_location.py
-- Symlinking: /home/racecar/racecar_ws/src/final_challenge2024/install/fc_msgs/lib/python3.8/site-packages/fc_msgs/msg/_stop_light_pixel.py
-- Symlinking: /home/racecar/racecar_ws/src/final_challenge2024/install/fc_msgs/lib/python3.8/site-packages/fc_msgs/msg/_stop_sign.py
-- Symlinking: /home/racecar/racecar_ws/src/final_challenge2024/install/fc_msgs/lib/python3.8/site-packages/fc_msgs/action/__init__.py
-- Symlinking: /home/racecar/racecar_ws/src/final_challenge2024/install/fc_msgs/lib/python3.8/site-packages/fc_msgs/action/_find_path.py
-- Symlinking: /home/racecar/racecar_ws/src/final_challenge2024/install/fc_msgs/lib/python3.8/site-packages/fc_msgs/action/_navigate_to_pose.py
-- Symlinking: /home/racecar/racecar_ws/src/final_challenge2024/install/fc_msgs/lib/python3.8/site-packages/fc_msgs/srv/__init__.py
-- Symlinking: /home/racecar/racecar_ws/src/final_challenge2024/install/fc_msgs/lib/python3.8/site-packages/fc_msgs/srv/_lane_project.py
-- Symlinking: /home/racecar/racecar_ws/src/final_challenge2024/install/fc_msgs/lib/python3.8/site-packages/fc_msgs/fc_msgs_s__rosidl_typesupport_fastrtps_c.cpython-38-x86_64-linux-gnu.so
-- Symlinking: /home/racecar/racecar_ws/src/final_challenge2024/install/fc_msgs/lib/python3.8/site-packages/fc_msgs/fc_msgs_s__rosidl_typesupport_introspection_c.cpython-38-x86_64-linux-gnu.so
-- Symlinking: /home/racecar/racecar_ws/src/final_challenge2024/install/fc_msgs/lib/python3.8/site-packages/fc_msgs/fc_msgs_s__rosidl_typesupport_c.cpython-38-x86_64-linux-gnu.so
-- Symlinking: /home/racecar/racecar_ws/src/final_challenge2024/install/fc_msgs/lib/libfc_msgs__python.so
-- Symlinking: /home/racecar/racecar_ws/src/final_challenge2024/install/fc_msgs/share/fc_msgs/msg/StopSign.idl
-- Symlinking: /home/racecar/racecar_ws/src/final_challenge2024/install/fc_msgs/share/fc_msgs/msg/StopLightLocation.idl
-- Symlinking: /home/racecar/racecar_ws/src/final_challenge2024/install/fc_msgs/share/fc_msgs/msg/StopLightPixel.idl
-- Symlinking: /home/racecar/racecar_ws/src/final_challenge2024/install/fc_msgs/share/fc_msgs/action/FindPath.idl
-- Symlinking: /home/racecar/racecar_ws/src/final_challenge2024/install/fc_msgs/share/fc_msgs/action/NavigateToPose.idl
-- Symlinking: /home/racecar/racecar_ws/src/final_challenge2024/install/fc_msgs/share/fc_msgs/srv/LaneProject.idl
-- Symlinking: /home/racecar/racecar_ws/src/final_challenge2024/install/fc_msgs/share/fc_msgs/msg/StopSign.msg
-- Symlinking: /home/racecar/racecar_ws/src/final_challenge2024/install/fc_msgs/share/fc_msgs/msg/StopLightLocation.msg
-- Symlinking: /home/racecar/racecar_ws/src/final_challenge2024/install/fc_msgs/share/fc_msgs/msg/StopLightPixel.msg
-- Symlinking: /home/racecar/racecar_ws/src/final_challenge2024/install/fc_msgs/share/fc_msgs/action/FindPath.action
-- Symlinking: /home/racecar/racecar_ws/src/final_challenge2024/install/fc_msgs/share/fc_msgs/action/NavigateToPose.action
-- Symlinking: /home/racecar/racecar_ws/src/final_challenge2024/install/fc_msgs/share/fc_msgs/srv/LaneProject.srv
-- Symlinking: /home/racecar/racecar_ws/src/final_challenge2024/install/fc_msgs/share/fc_msgs/srv/LaneProject_Request.msg
-- Symlinking: /home/racecar/racecar_ws/src/final_challenge2024/install/fc_msgs/share/fc_msgs/srv/LaneProject_Response.msg
-- Symlinking: /home/racecar/racecar_ws/src/final_challenge2024/install/fc_msgs/share/ament_index/resource_index/package_run_dependencies/fc_msgs
-- Symlinking: /home/racecar/racecar_ws/src/final_challenge2024/install/fc_msgs/share/ament_index/resource_index/parent_prefix_path/fc_msgs
-- Symlinking: /home/racecar/racecar_ws/src/final_challenge2024/install/fc_msgs/share/fc_msgs/environment/ament_prefix_path.sh
-- Symlinking: /home/racecar/racecar_ws/src/final_challenge2024/install/fc_msgs/share/fc_msgs/environment/ament_prefix_path.dsv
-- Symlinking: /home/racecar/racecar_ws/src/final_challenge2024/install/fc_msgs/share/fc_msgs/environment/path.sh
-- Symlinking: /home/racecar/racecar_ws/src/final_challenge2024/install/fc_msgs/share/fc_msgs/environment/path.dsv
-- Symlinking: /home/racecar/racecar_ws/src/final_challenge2024/install/fc_msgs/share/fc_msgs/local_setup.bash
-- Symlinking: /home/racecar/racecar_ws/src/final_challenge2024/install/fc_msgs/share/fc_msgs/local_setup.sh
-- Symlinking: /home/racecar/racecar_ws/src/final_challenge2024/install/fc_msgs/share/fc_msgs/local_setup.zsh
-- Symlinking: /home/racecar/racecar_ws/src/final_challenge2024/install/fc_msgs/share/fc_msgs/local_setup.dsv
-- Symlinking: /home/racecar/racecar_ws/src/final_challenge2024/install/fc_msgs/share/fc_msgs/package.dsv
-- Symlinking: /home/racecar/racecar_ws/src/final_challenge2024/install/fc_msgs/share/ament_index/resource_index/packages/fc_msgs
-- Symlinking: /home/racecar/racecar_ws/src/final_challenge2024/install/fc_msgs/share/fc_msgs/cmake/rosidl_cmake-extras.cmake
-- Symlinking: /home/racecar/racecar_ws/src/final_challenge2024/install/fc_msgs/share/fc_msgs/cmake/ament_cmake_export_dependencies-extras.cmake
-- Symlinking: /home/racecar/racecar_ws/src/final_challenge2024/install/fc_msgs/share/fc_msgs/cmake/ament_cmake_export_libraries-extras.cmake
-- Symlinking: /home/racecar/racecar_ws/src/final_challenge2024/install/fc_msgs/share/fc_msgs/cmake/ament_cmake_export_targets-extras.cmake
-- Symlinking: /home/racecar/racecar_ws/src/final_challenge2024/install/fc_msgs/share/fc_msgs/cmake/ament_cmake_export_include_directories-extras.cmake
-- Symlinking: /home/racecar/racecar_ws/src/final_challenge2024/install/fc_msgs/share/fc_msgs/cmake/rosidl_cmake_export_typesupport_libraries-extras.cmake
-- Symlinking: /home/racecar/racecar_ws/src/final_challenge2024/install/fc_msgs/share/fc_msgs/cmake/rosidl_cmake_export_typesupport_targets-extras.cmake
-- Symlinking: /home/racecar/racecar_ws/src/final_challenge2024/install/fc_msgs/share/fc_msgs/cmake/fc_msgsConfig.cmake
-- Symlinking: /home/racecar/racecar_ws/src/final_challenge2024/install/fc_msgs/share/fc_msgs/cmake/fc_msgsConfig-version.cmake
-- Symlinking: /home/racecar/racecar_ws/src/final_challenge2024/install/fc_msgs/share/fc_msgs/package.xml
-- Installing: /home/racecar/racecar_ws/src/final_challenge2024/install/fc_msgs/lib/libfc_msgs__rosidl_generator_c.so
-- Set runtime path of "/home/racecar/racecar_ws/src/final_challenge2024/install/fc_msgs/lib/libfc_msgs__rosidl_generator_c.so" to ""
-- Installing: /home/racecar/racecar_ws/src/final_challenge2024/install/fc_msgs/lib/libfc_msgs__rosidl_typesupport_introspection_c.so
-- Set runtime path of "/home/racecar/racecar_ws/src/final_challenge2024/install/fc_msgs/lib/libfc_msgs__rosidl_typesupport_introspection_c.so" to ""
-- Installing: /home/racecar/racecar_ws/src/final_challenge2024/install/fc_msgs/lib/libfc_msgs__rosidl_typesupport_c.so
-- Set runtime path of "/home/racecar/racecar_ws/src/final_challenge2024/install/fc_msgs/lib/libfc_msgs__rosidl_typesupport_c.so" to ""
-- Installing: /home/racecar/racecar_ws/src/final_challenge2024/install/fc_msgs/lib/libfc_msgs__rosidl_typesupport_introspection_cpp.so
-- Set runtime path of "/home/racecar/racecar_ws/src/final_challenge2024/install/fc_msgs/lib/libfc_msgs__rosidl_typesupport_introspection_cpp.so" to ""
-- Installing: /home/racecar/racecar_ws/src/final_challenge2024/install/fc_msgs/lib/libfc_msgs__rosidl_typesupport_cpp.so
-- Set runtime path of "/home/racecar/racecar_ws/src/final_challenge2024/install/fc_msgs/lib/libfc_msgs__rosidl_typesupport_cpp.so" to ""
Compiling '/home/racecar/racecar_ws/src/final_challenge2024/install/fc_msgs/lib/python3.8/site-packages/fc_msgs/__init__.py'...
-- Installing: /home/racecar/racecar_ws/src/final_challenge2024/install/fc_msgs/share/fc_msgs/cmake/fc_msgs__rosidl_generator_cExport.cmake
-- Installing: /home/racecar/racecar_ws/src/final_challenge2024/install/fc_msgs/share/fc_msgs/cmake/fc_msgs__rosidl_generator_cExport-noconfig.cmake
-- Installing: /home/racecar/racecar_ws/src/final_challenge2024/install/fc_msgs/share/fc_msgs/cmake/fc_msgs__rosidl_typesupport_introspection_cExport.cmake
-- Installing: /home/racecar/racecar_ws/src/final_challenge2024/install/fc_msgs/share/fc_msgs/cmake/fc_msgs__rosidl_typesupport_introspection_cExport-noconfig.cmake
-- Installing: /home/racecar/racecar_ws/src/final_challenge2024/install/fc_msgs/share/fc_msgs/cmake/fc_msgs__rosidl_typesupport_cExport.cmake
-- Installing: /home/racecar/racecar_ws/src/final_challenge2024/install/fc_msgs/share/fc_msgs/cmake/fc_msgs__rosidl_typesupport_cExport-noconfig.cmake
-- Installing: /home/racecar/racecar_ws/src/final_challenge2024/install/fc_msgs/share/fc_msgs/cmake/fc_msgs__rosidl_generator_cppExport.cmake
-- Installing: /home/racecar/racecar_ws/src/final_challenge2024/install/fc_msgs/share/fc_msgs/cmake/fc_msgs__rosidl_typesupport_introspection_cppExport.cmake
-- Installing: /home/racecar/racecar_ws/src/final_challenge2024/install/fc_msgs/share/fc_msgs/cmake/fc_msgs__rosidl_typesupport_introspection_cppExport-noconfig.cmake
-- Installing: /home/racecar/racecar_ws/src/final_challenge2024/install/fc_msgs/share/fc_msgs/cmake/fc_msgs__rosidl_typesupport_cppExport.cmake
-- Installing: /home/racecar/racecar_ws/src/final_challenge2024/install/fc_msgs/share/fc_msgs/cmake/fc_msgs__rosidl_typesupport_cppExport-noconfig.cmake
