[4.133s] Invoking command in '/home/racecar/racecar_ws/src/final_challenge2024/build/fc_msgs': CMAKE_PREFIX_PATH=${CMAKE_PREFIX_PATH}:/home/racecar/racecar_ws/install/wall_follower:/home/racecar/racecar_ws/install/visual_servoing:/home/racecar/racecar_ws/install/safety_controller:/home/racecar/racecar_ws/install/ros_exercises:/home/racecar/racecar_ws/install/path_planning:/home/racecar/racecar_ws/install/localization:/home/racecar/racecar_ws/install/final_challenge:/opt/ros/foxy /usr/bin/cmake /home/racecar/racecar_ws/src/final_challenge2024/fc_msgs -DAMENT_CMAKE_SYMLINK_INSTALL=1 -DCMAKE_INSTALL_PREFIX=/home/racecar/racecar_ws/src/final_challenge2024/install/fc_msgs
[8.166s] -- The C compiler identification is GNU 9.4.0
[10.698s] -- The CXX compiler identification is GNU 9.4.0
[11.067s] -- Check for working C compiler: /usr/bin/cc
[17.764s] -- Check for working C compiler: /usr/bin/cc -- works
[17.786s] -- Detecting C compiler ABI info
[27.543s] -- Detecting C compiler ABI info - done
[27.703s] -- Detecting C compile features
[27.708s] -- Detecting C compile features - done
[28.135s] -- Check for working CXX compiler: /usr/bin/c++
[40.279s] -- Check for working CXX compiler: /usr/bin/c++ -- works
[40.303s] -- Detecting CXX compiler ABI info
[48.532s] -- Detecting CXX compiler ABI info - done
[48.629s] -- Detecting CXX compile features
[48.633s] -- Detecting CXX compile features - done
[50.073s] -- Found ament_cmake: 0.9.12 (/opt/ros/foxy/share/ament_cmake/cmake)
[60.759s] -- Found PythonInterp: /usr/bin/python3 (found suitable version "3.8.10", minimum required is "3") 
[60.763s] -- Using PYTHON_EXECUTABLE: /usr/bin/python3
[71.130s] -- Override CMake install command with custom implementation using symlinks instead of copying resources
[83.600s] -- Found geometry_msgs: 2.0.5 (/opt/ros/foxy/share/geometry_msgs/cmake)
[92.777s] -- Using all available rosidl_typesupport_c: rosidl_typesupport_fastrtps_c;rosidl_typesupport_introspection_c
[95.723s] -- Found rosidl_adapter: 1.3.1 (/opt/ros/foxy/share/rosidl_adapter/cmake)
[108.624s] -- Found OpenSSL: /usr/lib/x86_64-linux-gnu/libcrypto.so (found version "1.1.1f")  
[110.157s] -- Found FastRTPS: /opt/ros/foxy/include  
[117.212s] -- Using all available rosidl_typesupport_cpp: rosidl_typesupport_fastrtps_cpp;rosidl_typesupport_introspection_cpp
[120.368s] -- Found rosidl_default_generators: 1.0.1 (/opt/ros/foxy/share/rosidl_default_generators/cmake)
[122.771s] -- Found sensor_msgs: 2.0.5 (/opt/ros/foxy/share/sensor_msgs/cmake)
[131.607s] -- Found PythonInterp: /usr/bin/python3 (found version "3.8.10") 
[174.609s] -- Found ament_cmake_ros: 0.9.2 (/opt/ros/foxy/share/ament_cmake_ros/cmake)
[213.433s] -- Using all available rosidl_typesupport_c: rosidl_typesupport_fastrtps_c;rosidl_typesupport_introspection_c
[228.067s] -- Using all available rosidl_typesupport_cpp: rosidl_typesupport_fastrtps_cpp;rosidl_typesupport_introspection_cpp
[238.597s] -- Found PythonInterp: /usr/bin/python3 (found suitable version "3.8.10", minimum required is "3.5") 
[241.196s] -- Found python_cmake_module: 0.8.1 (/opt/ros/foxy/share/python_cmake_module/cmake)
[252.773s] -- Found PythonLibs: /usr/lib/x86_64-linux-gnu/libpython3.8.so (found suitable version "3.8.10", minimum required is "3.5") 
[252.779s] -- Using PYTHON_EXECUTABLE: /usr/bin/python3
[252.783s] -- Using PYTHON_INCLUDE_DIRS: /usr/include/python3.8
[252.787s] -- Using PYTHON_LIBRARIES: /usr/lib/x86_64-linux-gnu/libpython3.8.so
[261.136s] -- Found PythonExtra: .so  
[275.976s] -- Found ament_lint_auto: 0.9.8 (/opt/ros/foxy/share/ament_lint_auto/cmake)
[286.968s] -- Added test 'copyright' to check source files copyright and LICENSE
[289.424s] -- Added test 'lint_cmake' to check CMake code style
[290.551s] -- Added test 'xmllint' to check XML markup files
[292.125s] -- Configuring done
[297.963s] -- Generating done
[298.728s] -- Build files have been written to: /home/racecar/racecar_ws/src/final_challenge2024/build/fc_msgs
[298.757s] Invoked command in '/home/racecar/racecar_ws/src/final_challenge2024/build/fc_msgs' returned '0': CMAKE_PREFIX_PATH=${CMAKE_PREFIX_PATH}:/home/racecar/racecar_ws/install/wall_follower:/home/racecar/racecar_ws/install/visual_servoing:/home/racecar/racecar_ws/install/safety_controller:/home/racecar/racecar_ws/install/ros_exercises:/home/racecar/racecar_ws/install/path_planning:/home/racecar/racecar_ws/install/localization:/home/racecar/racecar_ws/install/final_challenge:/opt/ros/foxy /usr/bin/cmake /home/racecar/racecar_ws/src/final_challenge2024/fc_msgs -DAMENT_CMAKE_SYMLINK_INSTALL=1 -DCMAKE_INSTALL_PREFIX=/home/racecar/racecar_ws/src/final_challenge2024/install/fc_msgs
[298.794s] Invoking command in '/home/racecar/racecar_ws/src/final_challenge2024/build/fc_msgs': CMAKE_PREFIX_PATH=${CMAKE_PREFIX_PATH}:/home/racecar/racecar_ws/install/wall_follower:/home/racecar/racecar_ws/install/visual_servoing:/home/racecar/racecar_ws/install/safety_controller:/home/racecar/racecar_ws/install/ros_exercises:/home/racecar/racecar_ws/install/path_planning:/home/racecar/racecar_ws/install/localization:/home/racecar/racecar_ws/install/final_challenge:/opt/ros/foxy /usr/bin/cmake --build /home/racecar/racecar_ws/src/final_challenge2024/build/fc_msgs -- -j16 -l16
[305.150s] [35m[1mScanning dependencies of target fc_msgs__cpp[0m
[306.962s] [  1%] [34m[1mGenerating C++ code for ROS interfaces[0m
[350.117s] [  1%] Built target fc_msgs__cpp
[351.689s] [  2%] [34m[1mGenerating C code for ROS interfaces[0m
[378.278s] [35m[1mScanning dependencies of target fc_msgs__rosidl_generator_c[0m
[380.534s] [  4%] [32mBuilding C object CMakeFiles/fc_msgs__rosidl_generator_c.dir/rosidl_generator_c/fc_msgs/msg/detail/stop_sign__functions.c.o[0m
[380.556s] [  5%] [32mBuilding C object CMakeFiles/fc_msgs__rosidl_generator_c.dir/rosidl_generator_c/fc_msgs/msg/detail/stop_light_location__functions.c.o[0m
[380.606s] [  7%] [32mBuilding C object CMakeFiles/fc_msgs__rosidl_generator_c.dir/rosidl_generator_c/fc_msgs/msg/detail/stop_light_pixel__functions.c.o[0m
[380.620s] [  8%] [32mBuilding C object CMakeFiles/fc_msgs__rosidl_generator_c.dir/rosidl_generator_c/fc_msgs/action/detail/find_path__functions.c.o[0m
[380.636s] [  9%] [32mBuilding C object CMakeFiles/fc_msgs__rosidl_generator_c.dir/rosidl_generator_c/fc_msgs/srv/detail/lane_project__functions.c.o[0m
[380.663s] [ 11%] [32mBuilding C object CMakeFiles/fc_msgs__rosidl_generator_c.dir/rosidl_generator_c/fc_msgs/action/detail/navigate_to_pose__functions.c.o[0m
[383.744s] [ 12%] [32m[1mLinking C shared library libfc_msgs__rosidl_generator_c.so[0m
[387.048s] [ 12%] Built target fc_msgs__rosidl_generator_c
[388.351s] [ 14%] [34m[1mGenerating C++ introspection for ROS interfaces[0m
[388.400s] [ 15%] [34m[1mGenerating C++ type support for eProsima Fast-RTPS[0m
[388.419s] [ 16%] [34m[1mGenerating C type support dispatch for ROS interfaces[0m
[388.492s] [ 18%] [34m[1mGenerating C introspection for ROS interfaces[0m
[388.604s] [ 19%] [34m[1mGenerating C++ type support dispatch for ROS interfaces[0m
[400.820s] [35m[1mScanning dependencies of target fc_msgs__rosidl_typesupport_c[0m
[403.318s] [35m[1mScanning dependencies of target fc_msgs__rosidl_typesupport_cpp[0m
[404.018s] [35m[1mScanning dependencies of target fc_msgs__rosidl_typesupport_introspection_cpp[0m
[404.839s] [ 21%] [32mBuilding CXX object CMakeFiles/fc_msgs__rosidl_typesupport_c.dir/rosidl_typesupport_c/fc_msgs/msg/stop_sign__type_support.cpp.o[0m
[405.007s] [35m[1mScanning dependencies of target fc_msgs__rosidl_typesupport_fastrtps_cpp[0m
[406.429s] [35m[1mScanning dependencies of target fc_msgs__rosidl_typesupport_introspection_c[0m
[406.611s] [ 22%] [32mBuilding CXX object CMakeFiles/fc_msgs__rosidl_typesupport_cpp.dir/rosidl_typesupport_cpp/fc_msgs/msg/stop_sign__type_support.cpp.o[0m
[407.633s] [ 23%] [32mBuilding CXX object CMakeFiles/fc_msgs__rosidl_typesupport_c.dir/rosidl_typesupport_c/fc_msgs/srv/lane_project__type_support.cpp.o[0m
[407.991s] [ 25%] [32mBuilding CXX object CMakeFiles/fc_msgs__rosidl_typesupport_introspection_cpp.dir/rosidl_typesupport_introspection_cpp/fc_msgs/msg/detail/stop_sign__type_support.cpp.o[0m
[410.208s] [ 26%] [32mBuilding CXX object CMakeFiles/fc_msgs__rosidl_typesupport_fastrtps_cpp.dir/rosidl_typesupport_fastrtps_cpp/fc_msgs/msg/detail/dds_fastrtps/stop_sign__type_support.cpp.o[0m
[410.315s] [ 28%] [32mBuilding CXX object CMakeFiles/fc_msgs__rosidl_typesupport_introspection_cpp.dir/rosidl_typesupport_introspection_cpp/fc_msgs/msg/detail/stop_light_pixel__type_support.cpp.o[0m
[410.384s] [ 29%] [32mBuilding CXX object CMakeFiles/fc_msgs__rosidl_typesupport_cpp.dir/rosidl_typesupport_cpp/fc_msgs/action/navigate_to_pose__type_support.cpp.o[0m
[410.420s] [ 30%] [32mBuilding CXX object CMakeFiles/fc_msgs__rosidl_typesupport_cpp.dir/rosidl_typesupport_cpp/fc_msgs/srv/lane_project__type_support.cpp.o[0m
[410.803s] [ 32%] [32mBuilding CXX object CMakeFiles/fc_msgs__rosidl_typesupport_introspection_cpp.dir/rosidl_typesupport_introspection_cpp/fc_msgs/action/detail/navigate_to_pose__type_support.cpp.o[0m
[410.850s] [ 33%] [32mBuilding CXX object CMakeFiles/fc_msgs__rosidl_typesupport_c.dir/rosidl_typesupport_c/fc_msgs/action/find_path__type_support.cpp.o[0m
[410.935s] [ 35%] [32mBuilding CXX object CMakeFiles/fc_msgs__rosidl_typesupport_c.dir/rosidl_typesupport_c/fc_msgs/action/navigate_to_pose__type_support.cpp.o[0m
[411.511s] [ 36%] [32mBuilding C object CMakeFiles/fc_msgs__rosidl_typesupport_introspection_c.dir/rosidl_typesupport_introspection_c/fc_msgs/msg/detail/stop_sign__type_support.c.o[0m
[412.167s] [ 38%] [32mBuilding CXX object CMakeFiles/fc_msgs__rosidl_typesupport_introspection_cpp.dir/rosidl_typesupport_introspection_cpp/fc_msgs/action/detail/find_path__type_support.cpp.o[0m
[412.237s] [ 39%] [32mBuilding CXX object CMakeFiles/fc_msgs__rosidl_typesupport_introspection_cpp.dir/rosidl_typesupport_introspection_cpp/fc_msgs/msg/detail/stop_light_location__type_support.cpp.o[0m
[412.349s] [ 40%] [32mBuilding CXX object CMakeFiles/fc_msgs__rosidl_typesupport_fastrtps_cpp.dir/rosidl_typesupport_fastrtps_cpp/fc_msgs/msg/detail/dds_fastrtps/stop_light_location__type_support.cpp.o[0m
[415.169s] [ 42%] [32mBuilding CXX object CMakeFiles/fc_msgs__rosidl_typesupport_cpp.dir/rosidl_typesupport_cpp/fc_msgs/action/find_path__type_support.cpp.o[0m
[415.475s] [ 43%] [32mBuilding CXX object CMakeFiles/fc_msgs__rosidl_typesupport_c.dir/rosidl_typesupport_c/fc_msgs/msg/stop_light_pixel__type_support.cpp.o[0m
[415.669s] [ 45%] [32mBuilding C object CMakeFiles/fc_msgs__rosidl_typesupport_introspection_c.dir/rosidl_typesupport_introspection_c/fc_msgs/msg/detail/stop_light_location__type_support.c.o[0m
[416.764s] [ 46%] [32mBuilding CXX object CMakeFiles/fc_msgs__rosidl_typesupport_introspection_cpp.dir/rosidl_typesupport_introspection_cpp/fc_msgs/srv/detail/lane_project__type_support.cpp.o[0m
[417.720s] [ 47%] [32mBuilding CXX object CMakeFiles/fc_msgs__rosidl_typesupport_fastrtps_cpp.dir/rosidl_typesupport_fastrtps_cpp/fc_msgs/srv/detail/dds_fastrtps/lane_project__type_support.cpp.o[0m
[418.187s] [ 49%] [32mBuilding CXX object CMakeFiles/fc_msgs__rosidl_typesupport_c.dir/rosidl_typesupport_c/fc_msgs/msg/stop_light_location__type_support.cpp.o[0m
[418.328s] [ 50%] [32mBuilding C object CMakeFiles/fc_msgs__rosidl_typesupport_introspection_c.dir/rosidl_typesupport_introspection_c/fc_msgs/srv/detail/lane_project__type_support.c.o[0m
[418.555s] [ 52%] [32mBuilding CXX object CMakeFiles/fc_msgs__rosidl_typesupport_cpp.dir/rosidl_typesupport_cpp/fc_msgs/msg/stop_light_pixel__type_support.cpp.o[0m
[420.362s] [ 53%] [32m[1mLinking CXX shared library libfc_msgs__rosidl_typesupport_introspection_cpp.so[0m
[420.951s] [ 54%] [32m[1mLinking CXX shared library libfc_msgs__rosidl_typesupport_c.so[0m
[421.498s] [ 56%] [32mBuilding C object CMakeFiles/fc_msgs__rosidl_typesupport_introspection_c.dir/rosidl_typesupport_introspection_c/fc_msgs/action/detail/navigate_to_pose__type_support.c.o[0m
[421.632s] [ 57%] [32mBuilding C object CMakeFiles/fc_msgs__rosidl_typesupport_introspection_c.dir/rosidl_typesupport_introspection_c/fc_msgs/action/detail/find_path__type_support.c.o[0m
[422.295s] [ 59%] [32mBuilding CXX object CMakeFiles/fc_msgs__rosidl_typesupport_cpp.dir/rosidl_typesupport_cpp/fc_msgs/msg/stop_light_location__type_support.cpp.o[0m
[422.412s] [ 60%] [32mBuilding CXX object CMakeFiles/fc_msgs__rosidl_typesupport_fastrtps_cpp.dir/rosidl_typesupport_fastrtps_cpp/fc_msgs/action/detail/dds_fastrtps/find_path__type_support.cpp.o[0m
[422.436s] [ 61%] [32mBuilding CXX object CMakeFiles/fc_msgs__rosidl_typesupport_fastrtps_cpp.dir/rosidl_typesupport_fastrtps_cpp/fc_msgs/action/detail/dds_fastrtps/navigate_to_pose__type_support.cpp.o[0m
[424.831s] [ 63%] [32mBuilding C object CMakeFiles/fc_msgs__rosidl_typesupport_introspection_c.dir/rosidl_typesupport_introspection_c/fc_msgs/msg/detail/stop_light_pixel__type_support.c.o[0m
[424.936s] [ 63%] Built target fc_msgs__rosidl_typesupport_c
[425.314s] [ 63%] Built target fc_msgs__rosidl_typesupport_introspection_cpp
[425.706s] [ 64%] [32m[1mLinking CXX shared library libfc_msgs__rosidl_typesupport_cpp.so[0m
[427.045s] [ 66%] [32mBuilding CXX object CMakeFiles/fc_msgs__rosidl_typesupport_fastrtps_cpp.dir/rosidl_typesupport_fastrtps_cpp/fc_msgs/msg/detail/dds_fastrtps/stop_light_pixel__type_support.cpp.o[0m
[427.673s] [ 67%] [32m[1mLinking C shared library libfc_msgs__rosidl_typesupport_introspection_c.so[0m
[429.285s] [ 67%] Built target fc_msgs__rosidl_typesupport_cpp
[430.572s] [ 69%] [32m[1mLinking CXX shared library libfc_msgs__rosidl_typesupport_fastrtps_cpp.so[0m
[430.972s] [ 69%] Built target fc_msgs__rosidl_typesupport_introspection_c
[433.794s] [ 69%] Built target fc_msgs__rosidl_typesupport_fastrtps_cpp
[435.248s] [ 70%] [34m[1mGenerating C type support for eProsima Fast-RTPS[0m
[447.359s] [35m[1mScanning dependencies of target fc_msgs__rosidl_typesupport_fastrtps_c[0m
[451.521s] [ 71%] [32mBuilding CXX object CMakeFiles/fc_msgs__rosidl_typesupport_fastrtps_c.dir/rosidl_typesupport_fastrtps_c/fc_msgs/msg/detail/stop_sign__type_support_c.cpp.o[0m
[451.570s] [ 73%] [32mBuilding CXX object CMakeFiles/fc_msgs__rosidl_typesupport_fastrtps_c.dir/rosidl_typesupport_fastrtps_c/fc_msgs/msg/detail/stop_light_location__type_support_c.cpp.o[0m
[451.663s] [ 74%] [32mBuilding CXX object CMakeFiles/fc_msgs__rosidl_typesupport_fastrtps_c.dir/rosidl_typesupport_fastrtps_c/fc_msgs/msg/detail/stop_light_pixel__type_support_c.cpp.o[0m
[451.746s] [ 76%] [32mBuilding CXX object CMakeFiles/fc_msgs__rosidl_typesupport_fastrtps_c.dir/rosidl_typesupport_fastrtps_c/fc_msgs/action/detail/find_path__type_support_c.cpp.o[0m
[451.786s] [ 77%] [32mBuilding CXX object CMakeFiles/fc_msgs__rosidl_typesupport_fastrtps_c.dir/rosidl_typesupport_fastrtps_c/fc_msgs/action/detail/navigate_to_pose__type_support_c.cpp.o[0m
[451.874s] [ 78%] [32mBuilding CXX object CMakeFiles/fc_msgs__rosidl_typesupport_fastrtps_c.dir/rosidl_typesupport_fastrtps_c/fc_msgs/srv/detail/lane_project__type_support_c.cpp.o[0m
[457.562s] [ 80%] [32m[1mLinking CXX shared library libfc_msgs__rosidl_typesupport_fastrtps_c.so[0m
[461.034s] [ 80%] Built target fc_msgs__rosidl_typesupport_fastrtps_c
[462.583s] [35m[1mScanning dependencies of target fc_msgs[0m
[464.293s] [ 80%] Built target fc_msgs
[465.489s] [35m[1mScanning dependencies of target fc_msgs__py[0m
[467.128s] [ 81%] [34m[1mGenerating Python code for ROS interfaces[0m
[486.097s] [ 81%] Built target fc_msgs__py
[487.802s] [35m[1mScanning dependencies of target fc_msgs__python[0m
[492.706s] [ 83%] [32mBuilding C object CMakeFiles/fc_msgs__python.dir/rosidl_generator_py/fc_msgs/msg/_stop_sign_s.c.o[0m
[492.837s] [ 84%] [32mBuilding C object CMakeFiles/fc_msgs__python.dir/rosidl_generator_py/fc_msgs/msg/_stop_light_location_s.c.o[0m
[493.077s] [ 85%] [32mBuilding C object CMakeFiles/fc_msgs__python.dir/rosidl_generator_py/fc_msgs/action/_navigate_to_pose_s.c.o[0m
[493.100s] [ 87%] [32mBuilding C object CMakeFiles/fc_msgs__python.dir/rosidl_generator_py/fc_msgs/msg/_stop_light_pixel_s.c.o[0m
[493.203s] [ 88%] [32mBuilding C object CMakeFiles/fc_msgs__python.dir/rosidl_generator_py/fc_msgs/action/_find_path_s.c.o[0m
[493.327s] [ 90%] [32mBuilding C object CMakeFiles/fc_msgs__python.dir/rosidl_generator_py/fc_msgs/srv/_lane_project_s.c.o[0m
[497.143s] [ 91%] [32m[1mLinking C shared library rosidl_generator_py/fc_msgs/libfc_msgs__python.so[0m
[501.442s] [ 91%] Built target fc_msgs__python
[502.723s] [35m[1mScanning dependencies of target fc_msgs__rosidl_typesupport_c__pyext[0m
[502.845s] [35m[1mScanning dependencies of target fc_msgs__rosidl_typesupport_fastrtps_c__pyext[0m
[502.983s] [35m[1mScanning dependencies of target fc_msgs__rosidl_typesupport_introspection_c__pyext[0m
[506.042s] [ 92%] [32mBuilding C object CMakeFiles/fc_msgs__rosidl_typesupport_c__pyext.dir/rosidl_generator_py/fc_msgs/_fc_msgs_s.ep.rosidl_typesupport_c.c.o[0m
[506.071s] [ 94%] [32mBuilding C object CMakeFiles/fc_msgs__rosidl_typesupport_introspection_c__pyext.dir/rosidl_generator_py/fc_msgs/_fc_msgs_s.ep.rosidl_typesupport_introspection_c.c.o[0m
[506.195s] [ 95%] [32mBuilding C object CMakeFiles/fc_msgs__rosidl_typesupport_fastrtps_c__pyext.dir/rosidl_generator_py/fc_msgs/_fc_msgs_s.ep.rosidl_typesupport_fastrtps_c.c.o[0m
[509.301s] [ 97%] [32m[1mLinking C shared library rosidl_generator_py/fc_msgs/fc_msgs_s__rosidl_typesupport_c.cpython-38-x86_64-linux-gnu.so[0m
[509.782s] [ 98%] [32m[1mLinking C shared library rosidl_generator_py/fc_msgs/fc_msgs_s__rosidl_typesupport_introspection_c.cpython-38-x86_64-linux-gnu.so[0m
[510.228s] [100%] [32m[1mLinking CXX shared library rosidl_generator_py/fc_msgs/fc_msgs_s__rosidl_typesupport_fastrtps_c.cpython-38-x86_64-linux-gnu.so[0m
[512.683s] [100%] Built target fc_msgs__rosidl_typesupport_c__pyext
[513.335s] [100%] Built target fc_msgs__rosidl_typesupport_introspection_c__pyext
[513.643s] [100%] Built target fc_msgs__rosidl_typesupport_fastrtps_c__pyext
[515.117s] Invoked command in '/home/racecar/racecar_ws/src/final_challenge2024/build/fc_msgs' returned '0': CMAKE_PREFIX_PATH=${CMAKE_PREFIX_PATH}:/home/racecar/racecar_ws/install/wall_follower:/home/racecar/racecar_ws/install/visual_servoing:/home/racecar/racecar_ws/install/safety_controller:/home/racecar/racecar_ws/install/ros_exercises:/home/racecar/racecar_ws/install/path_planning:/home/racecar/racecar_ws/install/localization:/home/racecar/racecar_ws/install/final_challenge:/opt/ros/foxy /usr/bin/cmake --build /home/racecar/racecar_ws/src/final_challenge2024/build/fc_msgs -- -j16 -l16
[535.773s] Invoking command in '/home/racecar/racecar_ws/src/final_challenge2024/build/fc_msgs': CMAKE_PREFIX_PATH=${CMAKE_PREFIX_PATH}:/home/racecar/racecar_ws/install/wall_follower:/home/racecar/racecar_ws/install/visual_servoing:/home/racecar/racecar_ws/install/safety_controller:/home/racecar/racecar_ws/install/ros_exercises:/home/racecar/racecar_ws/install/path_planning:/home/racecar/racecar_ws/install/localization:/home/racecar/racecar_ws/install/final_challenge:/opt/ros/foxy /usr/bin/cmake --install /home/racecar/racecar_ws/src/final_challenge2024/build/fc_msgs
[536.718s] -- Install configuration: ""
[536.729s] -- Execute custom install script
[536.771s] -- Symlinking: /home/racecar/racecar_ws/src/final_challenge2024/install/fc_msgs/share/ament_index/resource_index/rosidl_interfaces/fc_msgs
[538.183s] -- Symlinking: /home/racecar/racecar_ws/src/final_challenge2024/install/fc_msgs/include/fc_msgs/action/detail/find_path__functions.h
[539.290s] -- Symlinking: /home/racecar/racecar_ws/src/final_challenge2024/install/fc_msgs/include/fc_msgs/action/detail/find_path__struct.h
[540.224s] -- Symlinking: /home/racecar/racecar_ws/src/final_challenge2024/install/fc_msgs/include/fc_msgs/action/detail/find_path__type_support.h
[541.040s] -- Symlinking: /home/racecar/racecar_ws/src/final_challenge2024/install/fc_msgs/include/fc_msgs/action/detail/navigate_to_pose__functions.h
[542.014s] -- Symlinking: /home/racecar/racecar_ws/src/final_challenge2024/install/fc_msgs/include/fc_msgs/action/detail/navigate_to_pose__struct.h
[542.909s] -- Symlinking: /home/racecar/racecar_ws/src/final_challenge2024/install/fc_msgs/include/fc_msgs/action/detail/navigate_to_pose__type_support.h
[543.840s] -- Symlinking: /home/racecar/racecar_ws/src/final_challenge2024/install/fc_msgs/include/fc_msgs/action/find_path.h
[544.901s] -- Symlinking: /home/racecar/racecar_ws/src/final_challenge2024/install/fc_msgs/include/fc_msgs/action/navigate_to_pose.h
[545.885s] -- Symlinking: /home/racecar/racecar_ws/src/final_challenge2024/install/fc_msgs/include/fc_msgs/msg/detail/stop_light_location__functions.h
[546.957s] -- Symlinking: /home/racecar/racecar_ws/src/final_challenge2024/install/fc_msgs/include/fc_msgs/msg/detail/stop_light_location__struct.h
[548.135s] -- Symlinking: /home/racecar/racecar_ws/src/final_challenge2024/install/fc_msgs/include/fc_msgs/msg/detail/stop_light_location__type_support.h
[549.257s] -- Symlinking: /home/racecar/racecar_ws/src/final_challenge2024/install/fc_msgs/include/fc_msgs/msg/detail/stop_light_pixel__functions.h
[550.226s] -- Symlinking: /home/racecar/racecar_ws/src/final_challenge2024/install/fc_msgs/include/fc_msgs/msg/detail/stop_light_pixel__struct.h
[551.140s] -- Symlinking: /home/racecar/racecar_ws/src/final_challenge2024/install/fc_msgs/include/fc_msgs/msg/detail/stop_light_pixel__type_support.h
[552.319s] -- Symlinking: /home/racecar/racecar_ws/src/final_challenge2024/install/fc_msgs/include/fc_msgs/msg/detail/stop_sign__functions.h
[553.601s] -- Symlinking: /home/racecar/racecar_ws/src/final_challenge2024/install/fc_msgs/include/fc_msgs/msg/detail/stop_sign__struct.h
[554.933s] -- Symlinking: /home/racecar/racecar_ws/src/final_challenge2024/install/fc_msgs/include/fc_msgs/msg/detail/stop_sign__type_support.h
[556.132s] -- Symlinking: /home/racecar/racecar_ws/src/final_challenge2024/install/fc_msgs/include/fc_msgs/msg/rosidl_generator_c__visibility_control.h
[557.090s] -- Symlinking: /home/racecar/racecar_ws/src/final_challenge2024/install/fc_msgs/include/fc_msgs/msg/stop_light_location.h
[558.039s] -- Symlinking: /home/racecar/racecar_ws/src/final_challenge2024/install/fc_msgs/include/fc_msgs/msg/stop_light_pixel.h
[559.234s] -- Symlinking: /home/racecar/racecar_ws/src/final_challenge2024/install/fc_msgs/include/fc_msgs/msg/stop_sign.h
[560.216s] -- Symlinking: /home/racecar/racecar_ws/src/final_challenge2024/install/fc_msgs/include/fc_msgs/srv/detail/lane_project__functions.h
[561.188s] -- Symlinking: /home/racecar/racecar_ws/src/final_challenge2024/install/fc_msgs/include/fc_msgs/srv/detail/lane_project__struct.h
[562.467s] -- Symlinking: /home/racecar/racecar_ws/src/final_challenge2024/install/fc_msgs/include/fc_msgs/srv/detail/lane_project__type_support.h
[563.720s] -- Symlinking: /home/racecar/racecar_ws/src/final_challenge2024/install/fc_msgs/include/fc_msgs/srv/lane_project.h
[564.815s] -- Symlinking: /home/racecar/racecar_ws/src/final_challenge2024/install/fc_msgs/share/fc_msgs/environment/library_path.sh
[565.693s] -- Symlinking: /home/racecar/racecar_ws/src/final_challenge2024/install/fc_msgs/share/fc_msgs/environment/library_path.dsv
[566.888s] -- Symlinking: /home/racecar/racecar_ws/src/final_challenge2024/install/fc_msgs/include/fc_msgs/action/detail/find_path__rosidl_typesupport_fastrtps_c.h
[567.801s] -- Symlinking: /home/racecar/racecar_ws/src/final_challenge2024/install/fc_msgs/include/fc_msgs/action/detail/navigate_to_pose__rosidl_typesupport_fastrtps_c.h
[568.604s] -- Symlinking: /home/racecar/racecar_ws/src/final_challenge2024/install/fc_msgs/include/fc_msgs/msg/detail/stop_light_location__rosidl_typesupport_fastrtps_c.h
[569.634s] -- Symlinking: /home/racecar/racecar_ws/src/final_challenge2024/install/fc_msgs/include/fc_msgs/msg/detail/stop_light_pixel__rosidl_typesupport_fastrtps_c.h
[570.650s] -- Symlinking: /home/racecar/racecar_ws/src/final_challenge2024/install/fc_msgs/include/fc_msgs/msg/detail/stop_sign__rosidl_typesupport_fastrtps_c.h
[571.841s] -- Symlinking: /home/racecar/racecar_ws/src/final_challenge2024/install/fc_msgs/include/fc_msgs/msg/rosidl_typesupport_fastrtps_c__visibility_control.h
[573.197s] -- Symlinking: /home/racecar/racecar_ws/src/final_challenge2024/install/fc_msgs/include/fc_msgs/srv/detail/lane_project__rosidl_typesupport_fastrtps_c.h
[574.621s] -- Symlinking: /home/racecar/racecar_ws/src/final_challenge2024/install/fc_msgs/lib/libfc_msgs__rosidl_typesupport_fastrtps_c.so
[576.512s] -- Symlinking: /home/racecar/racecar_ws/src/final_challenge2024/install/fc_msgs/include/fc_msgs/action/detail/find_path__rosidl_typesupport_fastrtps_cpp.hpp
[577.830s] -- Symlinking: /home/racecar/racecar_ws/src/final_challenge2024/install/fc_msgs/include/fc_msgs/action/detail/navigate_to_pose__rosidl_typesupport_fastrtps_cpp.hpp
[578.926s] -- Symlinking: /home/racecar/racecar_ws/src/final_challenge2024/install/fc_msgs/include/fc_msgs/msg/detail/stop_light_location__rosidl_typesupport_fastrtps_cpp.hpp
[580.233s] -- Symlinking: /home/racecar/racecar_ws/src/final_challenge2024/install/fc_msgs/include/fc_msgs/msg/detail/stop_light_pixel__rosidl_typesupport_fastrtps_cpp.hpp
[581.829s] -- Symlinking: /home/racecar/racecar_ws/src/final_challenge2024/install/fc_msgs/include/fc_msgs/msg/detail/stop_sign__rosidl_typesupport_fastrtps_cpp.hpp
[583.282s] -- Symlinking: /home/racecar/racecar_ws/src/final_challenge2024/install/fc_msgs/include/fc_msgs/msg/rosidl_typesupport_fastrtps_cpp__visibility_control.h
[585.084s] -- Symlinking: /home/racecar/racecar_ws/src/final_challenge2024/install/fc_msgs/include/fc_msgs/srv/detail/lane_project__rosidl_typesupport_fastrtps_cpp.hpp
[586.418s] -- Symlinking: /home/racecar/racecar_ws/src/final_challenge2024/install/fc_msgs/lib/libfc_msgs__rosidl_typesupport_fastrtps_cpp.so
[587.922s] -- Symlinking: /home/racecar/racecar_ws/src/final_challenge2024/install/fc_msgs/include/fc_msgs/action/detail/find_path__rosidl_typesupport_introspection_c.h
[589.172s] -- Symlinking: /home/racecar/racecar_ws/src/final_challenge2024/install/fc_msgs/include/fc_msgs/action/detail/navigate_to_pose__rosidl_typesupport_introspection_c.h
[590.058s] -- Symlinking: /home/racecar/racecar_ws/src/final_challenge2024/install/fc_msgs/include/fc_msgs/msg/detail/stop_light_location__rosidl_typesupport_introspection_c.h
[590.930s] -- Symlinking: /home/racecar/racecar_ws/src/final_challenge2024/install/fc_msgs/include/fc_msgs/msg/detail/stop_light_pixel__rosidl_typesupport_introspection_c.h
[591.957s] -- Symlinking: /home/racecar/racecar_ws/src/final_challenge2024/install/fc_msgs/include/fc_msgs/msg/detail/stop_sign__rosidl_typesupport_introspection_c.h
[592.840s] -- Symlinking: /home/racecar/racecar_ws/src/final_challenge2024/install/fc_msgs/include/fc_msgs/msg/rosidl_typesupport_introspection_c__visibility_control.h
[593.894s] -- Symlinking: /home/racecar/racecar_ws/src/final_challenge2024/install/fc_msgs/include/fc_msgs/srv/detail/lane_project__rosidl_typesupport_introspection_c.h
[595.248s] -- Symlinking: /home/racecar/racecar_ws/src/final_challenge2024/install/fc_msgs/include/fc_msgs/action/detail/find_path__builder.hpp
[596.218s] -- Symlinking: /home/racecar/racecar_ws/src/final_challenge2024/install/fc_msgs/include/fc_msgs/action/detail/find_path__struct.hpp
[597.166s] -- Symlinking: /home/racecar/racecar_ws/src/final_challenge2024/install/fc_msgs/include/fc_msgs/action/detail/find_path__traits.hpp
[598.156s] -- Symlinking: /home/racecar/racecar_ws/src/final_challenge2024/install/fc_msgs/include/fc_msgs/action/detail/find_path__type_support.hpp
[599.313s] -- Symlinking: /home/racecar/racecar_ws/src/final_challenge2024/install/fc_msgs/include/fc_msgs/action/detail/navigate_to_pose__builder.hpp
[600.510s] -- Symlinking: /home/racecar/racecar_ws/src/final_challenge2024/install/fc_msgs/include/fc_msgs/action/detail/navigate_to_pose__struct.hpp
[601.715s] -- Symlinking: /home/racecar/racecar_ws/src/final_challenge2024/install/fc_msgs/include/fc_msgs/action/detail/navigate_to_pose__traits.hpp
[603.120s] -- Symlinking: /home/racecar/racecar_ws/src/final_challenge2024/install/fc_msgs/include/fc_msgs/action/detail/navigate_to_pose__type_support.hpp
[604.377s] -- Symlinking: /home/racecar/racecar_ws/src/final_challenge2024/install/fc_msgs/include/fc_msgs/action/find_path.hpp
[605.458s] -- Symlinking: /home/racecar/racecar_ws/src/final_challenge2024/install/fc_msgs/include/fc_msgs/action/navigate_to_pose.hpp
[606.596s] -- Symlinking: /home/racecar/racecar_ws/src/final_challenge2024/install/fc_msgs/include/fc_msgs/msg/detail/stop_light_location__builder.hpp
[607.592s] -- Symlinking: /home/racecar/racecar_ws/src/final_challenge2024/install/fc_msgs/include/fc_msgs/msg/detail/stop_light_location__struct.hpp
[608.562s] -- Symlinking: /home/racecar/racecar_ws/src/final_challenge2024/install/fc_msgs/include/fc_msgs/msg/detail/stop_light_location__traits.hpp
[609.586s] -- Symlinking: /home/racecar/racecar_ws/src/final_challenge2024/install/fc_msgs/include/fc_msgs/msg/detail/stop_light_location__type_support.hpp
[610.615s] -- Symlinking: /home/racecar/racecar_ws/src/final_challenge2024/install/fc_msgs/include/fc_msgs/msg/detail/stop_light_pixel__builder.hpp
[611.695s] -- Symlinking: /home/racecar/racecar_ws/src/final_challenge2024/install/fc_msgs/include/fc_msgs/msg/detail/stop_light_pixel__struct.hpp
[613.062s] -- Symlinking: /home/racecar/racecar_ws/src/final_challenge2024/install/fc_msgs/include/fc_msgs/msg/detail/stop_light_pixel__traits.hpp
[615.036s] -- Symlinking: /home/racecar/racecar_ws/src/final_challenge2024/install/fc_msgs/include/fc_msgs/msg/detail/stop_light_pixel__type_support.hpp
[616.421s] -- Symlinking: /home/racecar/racecar_ws/src/final_challenge2024/install/fc_msgs/include/fc_msgs/msg/detail/stop_sign__builder.hpp
[617.619s] -- Symlinking: /home/racecar/racecar_ws/src/final_challenge2024/install/fc_msgs/include/fc_msgs/msg/detail/stop_sign__struct.hpp
[618.861s] -- Symlinking: /home/racecar/racecar_ws/src/final_challenge2024/install/fc_msgs/include/fc_msgs/msg/detail/stop_sign__traits.hpp
[620.236s] -- Symlinking: /home/racecar/racecar_ws/src/final_challenge2024/install/fc_msgs/include/fc_msgs/msg/detail/stop_sign__type_support.hpp
[621.402s] -- Symlinking: /home/racecar/racecar_ws/src/final_challenge2024/install/fc_msgs/include/fc_msgs/msg/rosidl_generator_cpp__visibility_control.hpp
[622.505s] -- Symlinking: /home/racecar/racecar_ws/src/final_challenge2024/install/fc_msgs/include/fc_msgs/msg/stop_light_location.hpp
[623.609s] -- Symlinking: /home/racecar/racecar_ws/src/final_challenge2024/install/fc_msgs/include/fc_msgs/msg/stop_light_pixel.hpp
[624.566s] -- Symlinking: /home/racecar/racecar_ws/src/final_challenge2024/install/fc_msgs/include/fc_msgs/msg/stop_sign.hpp
[625.534s] -- Symlinking: /home/racecar/racecar_ws/src/final_challenge2024/install/fc_msgs/include/fc_msgs/srv/detail/lane_project__builder.hpp
[626.539s] -- Symlinking: /home/racecar/racecar_ws/src/final_challenge2024/install/fc_msgs/include/fc_msgs/srv/detail/lane_project__struct.hpp
[627.459s] -- Symlinking: /home/racecar/racecar_ws/src/final_challenge2024/install/fc_msgs/include/fc_msgs/srv/detail/lane_project__traits.hpp
[628.305s] -- Symlinking: /home/racecar/racecar_ws/src/final_challenge2024/install/fc_msgs/include/fc_msgs/srv/detail/lane_project__type_support.hpp
[629.262s] -- Symlinking: /home/racecar/racecar_ws/src/final_challenge2024/install/fc_msgs/include/fc_msgs/srv/lane_project.hpp
[630.428s] -- Symlinking: /home/racecar/racecar_ws/src/final_challenge2024/install/fc_msgs/include/fc_msgs/action/detail/find_path__rosidl_typesupport_introspection_cpp.hpp
[631.355s] -- Symlinking: /home/racecar/racecar_ws/src/final_challenge2024/install/fc_msgs/include/fc_msgs/action/detail/navigate_to_pose__rosidl_typesupport_introspection_cpp.hpp
[632.256s] -- Symlinking: /home/racecar/racecar_ws/src/final_challenge2024/install/fc_msgs/include/fc_msgs/msg/detail/stop_light_location__rosidl_typesupport_introspection_cpp.hpp
[633.250s] -- Symlinking: /home/racecar/racecar_ws/src/final_challenge2024/install/fc_msgs/include/fc_msgs/msg/detail/stop_light_pixel__rosidl_typesupport_introspection_cpp.hpp
[634.179s] -- Symlinking: /home/racecar/racecar_ws/src/final_challenge2024/install/fc_msgs/include/fc_msgs/msg/detail/stop_sign__rosidl_typesupport_introspection_cpp.hpp
[635.458s] -- Symlinking: /home/racecar/racecar_ws/src/final_challenge2024/install/fc_msgs/include/fc_msgs/srv/detail/lane_project__rosidl_typesupport_introspection_cpp.hpp
[636.462s] -- Symlinking: /home/racecar/racecar_ws/src/final_challenge2024/install/fc_msgs/share/fc_msgs/environment/pythonpath.sh
[637.520s] -- Symlinking: /home/racecar/racecar_ws/src/final_challenge2024/install/fc_msgs/share/fc_msgs/environment/pythonpath.dsv
[638.774s] -- Symlinking: /home/racecar/racecar_ws/src/final_challenge2024/install/fc_msgs/lib/python3.8/site-packages/fc_msgs/__init__.py
[640.023s] -- Symlinking: /home/racecar/racecar_ws/src/final_challenge2024/install/fc_msgs/lib/python3.8/site-packages/fc_msgs/msg/__init__.py
[640.940s] -- Symlinking: /home/racecar/racecar_ws/src/final_challenge2024/install/fc_msgs/lib/python3.8/site-packages/fc_msgs/msg/_stop_light_location.py
[641.786s] -- Symlinking: /home/racecar/racecar_ws/src/final_challenge2024/install/fc_msgs/lib/python3.8/site-packages/fc_msgs/msg/_stop_light_pixel.py
[642.844s] -- Symlinking: /home/racecar/racecar_ws/src/final_challenge2024/install/fc_msgs/lib/python3.8/site-packages/fc_msgs/msg/_stop_sign.py
[644.006s] -- Symlinking: /home/racecar/racecar_ws/src/final_challenge2024/install/fc_msgs/lib/python3.8/site-packages/fc_msgs/action/__init__.py
[645.194s] -- Symlinking: /home/racecar/racecar_ws/src/final_challenge2024/install/fc_msgs/lib/python3.8/site-packages/fc_msgs/action/_find_path.py
[646.220s] -- Symlinking: /home/racecar/racecar_ws/src/final_challenge2024/install/fc_msgs/lib/python3.8/site-packages/fc_msgs/action/_navigate_to_pose.py
[647.496s] -- Symlinking: /home/racecar/racecar_ws/src/final_challenge2024/install/fc_msgs/lib/python3.8/site-packages/fc_msgs/srv/__init__.py
[648.752s] -- Symlinking: /home/racecar/racecar_ws/src/final_challenge2024/install/fc_msgs/lib/python3.8/site-packages/fc_msgs/srv/_lane_project.py
[650.057s] -- Symlinking: /home/racecar/racecar_ws/src/final_challenge2024/install/fc_msgs/lib/python3.8/site-packages/fc_msgs/fc_msgs_s__rosidl_typesupport_fastrtps_c.cpython-38-x86_64-linux-gnu.so
[650.961s] -- Symlinking: /home/racecar/racecar_ws/src/final_challenge2024/install/fc_msgs/lib/python3.8/site-packages/fc_msgs/fc_msgs_s__rosidl_typesupport_introspection_c.cpython-38-x86_64-linux-gnu.so
[651.829s] -- Symlinking: /home/racecar/racecar_ws/src/final_challenge2024/install/fc_msgs/lib/python3.8/site-packages/fc_msgs/fc_msgs_s__rosidl_typesupport_c.cpython-38-x86_64-linux-gnu.so
[652.950s] -- Symlinking: /home/racecar/racecar_ws/src/final_challenge2024/install/fc_msgs/lib/libfc_msgs__python.so
[654.465s] -- Symlinking: /home/racecar/racecar_ws/src/final_challenge2024/install/fc_msgs/share/fc_msgs/msg/StopSign.idl
[655.669s] -- Symlinking: /home/racecar/racecar_ws/src/final_challenge2024/install/fc_msgs/share/fc_msgs/msg/StopLightLocation.idl
[656.821s] -- Symlinking: /home/racecar/racecar_ws/src/final_challenge2024/install/fc_msgs/share/fc_msgs/msg/StopLightPixel.idl
[658.158s] -- Symlinking: /home/racecar/racecar_ws/src/final_challenge2024/install/fc_msgs/share/fc_msgs/action/FindPath.idl
[659.318s] -- Symlinking: /home/racecar/racecar_ws/src/final_challenge2024/install/fc_msgs/share/fc_msgs/action/NavigateToPose.idl
[660.327s] -- Symlinking: /home/racecar/racecar_ws/src/final_challenge2024/install/fc_msgs/share/fc_msgs/srv/LaneProject.idl
[661.450s] -- Symlinking: /home/racecar/racecar_ws/src/final_challenge2024/install/fc_msgs/share/fc_msgs/msg/StopSign.msg
[662.757s] -- Symlinking: /home/racecar/racecar_ws/src/final_challenge2024/install/fc_msgs/share/fc_msgs/msg/StopLightLocation.msg
[664.275s] -- Symlinking: /home/racecar/racecar_ws/src/final_challenge2024/install/fc_msgs/share/fc_msgs/msg/StopLightPixel.msg
[665.803s] -- Symlinking: /home/racecar/racecar_ws/src/final_challenge2024/install/fc_msgs/share/fc_msgs/action/FindPath.action
[666.940s] -- Symlinking: /home/racecar/racecar_ws/src/final_challenge2024/install/fc_msgs/share/fc_msgs/action/NavigateToPose.action
[668.074s] -- Symlinking: /home/racecar/racecar_ws/src/final_challenge2024/install/fc_msgs/share/fc_msgs/srv/LaneProject.srv
[669.245s] -- Symlinking: /home/racecar/racecar_ws/src/final_challenge2024/install/fc_msgs/share/fc_msgs/srv/LaneProject_Request.msg
[670.402s] -- Symlinking: /home/racecar/racecar_ws/src/final_challenge2024/install/fc_msgs/share/fc_msgs/srv/LaneProject_Response.msg
[671.541s] -- Symlinking: /home/racecar/racecar_ws/src/final_challenge2024/install/fc_msgs/share/ament_index/resource_index/package_run_dependencies/fc_msgs
[672.949s] -- Symlinking: /home/racecar/racecar_ws/src/final_challenge2024/install/fc_msgs/share/ament_index/resource_index/parent_prefix_path/fc_msgs
[674.281s] -- Symlinking: /home/racecar/racecar_ws/src/final_challenge2024/install/fc_msgs/share/fc_msgs/environment/ament_prefix_path.sh
[675.458s] -- Symlinking: /home/racecar/racecar_ws/src/final_challenge2024/install/fc_msgs/share/fc_msgs/environment/ament_prefix_path.dsv
[676.641s] -- Symlinking: /home/racecar/racecar_ws/src/final_challenge2024/install/fc_msgs/share/fc_msgs/environment/path.sh
[677.751s] -- Symlinking: /home/racecar/racecar_ws/src/final_challenge2024/install/fc_msgs/share/fc_msgs/environment/path.dsv
[678.930s] -- Symlinking: /home/racecar/racecar_ws/src/final_challenge2024/install/fc_msgs/share/fc_msgs/local_setup.bash
[680.075s] -- Symlinking: /home/racecar/racecar_ws/src/final_challenge2024/install/fc_msgs/share/fc_msgs/local_setup.sh
[681.224s] -- Symlinking: /home/racecar/racecar_ws/src/final_challenge2024/install/fc_msgs/share/fc_msgs/local_setup.zsh
[682.313s] -- Symlinking: /home/racecar/racecar_ws/src/final_challenge2024/install/fc_msgs/share/fc_msgs/local_setup.dsv
[683.588s] -- Symlinking: /home/racecar/racecar_ws/src/final_challenge2024/install/fc_msgs/share/fc_msgs/package.dsv
[684.756s] -- Symlinking: /home/racecar/racecar_ws/src/final_challenge2024/install/fc_msgs/share/ament_index/resource_index/packages/fc_msgs
[685.799s] -- Symlinking: /home/racecar/racecar_ws/src/final_challenge2024/install/fc_msgs/share/fc_msgs/cmake/rosidl_cmake-extras.cmake
[686.780s] -- Symlinking: /home/racecar/racecar_ws/src/final_challenge2024/install/fc_msgs/share/fc_msgs/cmake/ament_cmake_export_dependencies-extras.cmake
[687.752s] -- Symlinking: /home/racecar/racecar_ws/src/final_challenge2024/install/fc_msgs/share/fc_msgs/cmake/ament_cmake_export_libraries-extras.cmake
[688.810s] -- Symlinking: /home/racecar/racecar_ws/src/final_challenge2024/install/fc_msgs/share/fc_msgs/cmake/ament_cmake_export_targets-extras.cmake
[689.760s] -- Symlinking: /home/racecar/racecar_ws/src/final_challenge2024/install/fc_msgs/share/fc_msgs/cmake/ament_cmake_export_include_directories-extras.cmake
[690.807s] -- Symlinking: /home/racecar/racecar_ws/src/final_challenge2024/install/fc_msgs/share/fc_msgs/cmake/rosidl_cmake_export_typesupport_libraries-extras.cmake
[691.825s] -- Symlinking: /home/racecar/racecar_ws/src/final_challenge2024/install/fc_msgs/share/fc_msgs/cmake/rosidl_cmake_export_typesupport_targets-extras.cmake
[692.811s] -- Symlinking: /home/racecar/racecar_ws/src/final_challenge2024/install/fc_msgs/share/fc_msgs/cmake/fc_msgsConfig.cmake
[693.857s] -- Symlinking: /home/racecar/racecar_ws/src/final_challenge2024/install/fc_msgs/share/fc_msgs/cmake/fc_msgsConfig-version.cmake
[694.945s] -- Symlinking: /home/racecar/racecar_ws/src/final_challenge2024/install/fc_msgs/share/fc_msgs/package.xml
[696.112s] -- Installing: /home/racecar/racecar_ws/src/final_challenge2024/install/fc_msgs/lib/libfc_msgs__rosidl_generator_c.so
[696.278s] -- Set runtime path of "/home/racecar/racecar_ws/src/final_challenge2024/install/fc_msgs/lib/libfc_msgs__rosidl_generator_c.so" to ""
[696.308s] -- Installing: /home/racecar/racecar_ws/src/final_challenge2024/install/fc_msgs/lib/libfc_msgs__rosidl_typesupport_introspection_c.so
[696.469s] -- Set runtime path of "/home/racecar/racecar_ws/src/final_challenge2024/install/fc_msgs/lib/libfc_msgs__rosidl_typesupport_introspection_c.so" to ""
[696.491s] -- Installing: /home/racecar/racecar_ws/src/final_challenge2024/install/fc_msgs/lib/libfc_msgs__rosidl_typesupport_c.so
[696.642s] -- Set runtime path of "/home/racecar/racecar_ws/src/final_challenge2024/install/fc_msgs/lib/libfc_msgs__rosidl_typesupport_c.so" to ""
[696.671s] -- Installing: /home/racecar/racecar_ws/src/final_challenge2024/install/fc_msgs/lib/libfc_msgs__rosidl_typesupport_introspection_cpp.so
[696.840s] -- Set runtime path of "/home/racecar/racecar_ws/src/final_challenge2024/install/fc_msgs/lib/libfc_msgs__rosidl_typesupport_introspection_cpp.so" to ""
[696.867s] -- Installing: /home/racecar/racecar_ws/src/final_challenge2024/install/fc_msgs/lib/libfc_msgs__rosidl_typesupport_cpp.so
[697.033s] -- Set runtime path of "/home/racecar/racecar_ws/src/final_challenge2024/install/fc_msgs/lib/libfc_msgs__rosidl_typesupport_cpp.so" to ""
[703.949s] Compiling '/home/racecar/racecar_ws/src/final_challenge2024/install/fc_msgs/lib/python3.8/site-packages/fc_msgs/__init__.py'...
[704.011s] -- Installing: /home/racecar/racecar_ws/src/final_challenge2024/install/fc_msgs/share/fc_msgs/cmake/fc_msgs__rosidl_generator_cExport.cmake
[704.204s] -- Installing: /home/racecar/racecar_ws/src/final_challenge2024/install/fc_msgs/share/fc_msgs/cmake/fc_msgs__rosidl_generator_cExport-noconfig.cmake
[704.377s] -- Installing: /home/racecar/racecar_ws/src/final_challenge2024/install/fc_msgs/share/fc_msgs/cmake/fc_msgs__rosidl_typesupport_introspection_cExport.cmake
[704.618s] -- Installing: /home/racecar/racecar_ws/src/final_challenge2024/install/fc_msgs/share/fc_msgs/cmake/fc_msgs__rosidl_typesupport_introspection_cExport-noconfig.cmake
[704.846s] -- Installing: /home/racecar/racecar_ws/src/final_challenge2024/install/fc_msgs/share/fc_msgs/cmake/fc_msgs__rosidl_typesupport_cExport.cmake
[705.058s] -- Installing: /home/racecar/racecar_ws/src/final_challenge2024/install/fc_msgs/share/fc_msgs/cmake/fc_msgs__rosidl_typesupport_cExport-noconfig.cmake
[705.235s] -- Installing: /home/racecar/racecar_ws/src/final_challenge2024/install/fc_msgs/share/fc_msgs/cmake/fc_msgs__rosidl_generator_cppExport.cmake
[705.411s] -- Installing: /home/racecar/racecar_ws/src/final_challenge2024/install/fc_msgs/share/fc_msgs/cmake/fc_msgs__rosidl_typesupport_introspection_cppExport.cmake
[705.604s] -- Installing: /home/racecar/racecar_ws/src/final_challenge2024/install/fc_msgs/share/fc_msgs/cmake/fc_msgs__rosidl_typesupport_introspection_cppExport-noconfig.cmake
[705.771s] -- Installing: /home/racecar/racecar_ws/src/final_challenge2024/install/fc_msgs/share/fc_msgs/cmake/fc_msgs__rosidl_typesupport_cppExport.cmake
[705.927s] -- Installing: /home/racecar/racecar_ws/src/final_challenge2024/install/fc_msgs/share/fc_msgs/cmake/fc_msgs__rosidl_typesupport_cppExport-noconfig.cmake
[706.074s] Invoked command in '/home/racecar/racecar_ws/src/final_challenge2024/build/fc_msgs' returned '0': CMAKE_PREFIX_PATH=${CMAKE_PREFIX_PATH}:/home/racecar/racecar_ws/install/wall_follower:/home/racecar/racecar_ws/install/visual_servoing:/home/racecar/racecar_ws/install/safety_controller:/home/racecar/racecar_ws/install/ros_exercises:/home/racecar/racecar_ws/install/path_planning:/home/racecar/racecar_ws/install/localization:/home/racecar/racecar_ws/install/final_challenge:/opt/ros/foxy /usr/bin/cmake --install /home/racecar/racecar_ws/src/final_challenge2024/build/fc_msgs
