[18.041s] DEBUG:colcon:Command line arguments: ['/usr/bin/colcon', 'build', '--symlink-install']
[18.042s] DEBUG:colcon:Parsed command line arguments: Namespace(ament_cmake_args=None, base_paths=['.'], build_base='build', catkin_cmake_args=None, catkin_skip_building_tests=False, cmake_args=None, cmake_clean_cache=False, cmake_clean_first=False, cmake_force_configure=False, cmake_target=None, cmake_target_skip_unavailable=False, continue_on_error=False, event_handlers=None, executor='parallel', ignore_user_meta=False, install_base='install', log_base=None, log_level=None, main=<bound method BuildVerb.main of <colcon_core.verb.build.BuildVerb object at 0x7f6a96658850>>, merge_install=False, metas=['./colcon.meta'], packages_above=None, packages_above_and_dependencies=None, packages_above_depth=None, packages_end=None, packages_ignore=None, packages_ignore_regex=None, packages_select=None, packages_select_build_failed=False, packages_select_by_dep=None, packages_select_regex=None, packages_select_test_failures=False, packages_skip=None, packages_skip_build_finished=False, packages_skip_by_dep=None, packages_skip_regex=None, packages_skip_test_passed=False, packages_skip_up_to=None, packages_start=None, packages_up_to=None, packages_up_to_regex=None, parallel_workers=16, paths=None, symlink_install=True, test_result_base=None, verb_extension=<colcon_core.verb.build.BuildVerb object at 0x7f6a96658850>, verb_name='build', verb_parser=<colcon_defaults.argument_parser.defaults.DefaultArgumentsDecorator object at 0x7f6a965a17f0>)
[19.411s] Level 1:colcon.colcon_core.package_discovery:discover_packages(colcon_meta) check parameters
[19.412s] Level 1:colcon.colcon_core.package_discovery:discover_packages(recursive) check parameters
[19.412s] Level 1:colcon.colcon_core.package_discovery:discover_packages(ignore) check parameters
[19.413s] Level 1:colcon.colcon_core.package_discovery:discover_packages(path) check parameters
[19.413s] Level 1:colcon.colcon_core.package_discovery:discover_packages(colcon_meta) discover
[19.413s] Level 1:colcon.colcon_core.package_discovery:discover_packages(recursive) discover
[19.414s] INFO:colcon.colcon_core.package_discovery:Crawling recursively for packages in '/home/racecar/racecar_ws/src/final_challenge2024'
[19.416s] Level 1:colcon.colcon_core.package_identification:_identify(.) by extensions ['ignore', 'ignore_ament_install']
[19.417s] Level 1:colcon.colcon_core.package_identification:_identify(.) by extension 'ignore'
[19.417s] Level 1:colcon.colcon_core.package_identification:_identify(.) by extension 'ignore_ament_install'
[19.418s] Level 1:colcon.colcon_core.package_identification:_identify(.) by extensions ['colcon_pkg']
[19.419s] Level 1:colcon.colcon_core.package_identification:_identify(.) by extension 'colcon_pkg'
[19.419s] Level 1:colcon.colcon_core.package_identification:_identify(.) by extensions ['colcon_meta']
[19.420s] Level 1:colcon.colcon_core.package_identification:_identify(.) by extension 'colcon_meta'
[19.420s] Level 1:colcon.colcon_core.package_identification:_identify(.) by extensions ['ros']
[19.420s] Level 1:colcon.colcon_core.package_identification:_identify(.) by extension 'ros'
[19.511s] Level 1:colcon.colcon_core.package_identification:_identify(.) by extensions ['cmake', 'python']
[19.512s] Level 1:colcon.colcon_core.package_identification:_identify(.) by extension 'cmake'
[19.512s] Level 1:colcon.colcon_core.package_identification:_identify(.) by extension 'python'
[19.513s] Level 1:colcon.colcon_core.package_identification:_identify(.) by extensions ['python_setup_py']
[19.513s] Level 1:colcon.colcon_core.package_identification:_identify(.) by extension 'python_setup_py'
[19.519s] Level 1:colcon.colcon_core.package_identification:_identify(build) by extensions ['ignore', 'ignore_ament_install']
[19.519s] Level 1:colcon.colcon_core.package_identification:_identify(build) by extension 'ignore'
[19.522s] Level 1:colcon.colcon_core.package_identification:_identify(build) ignored
[19.526s] Level 1:colcon.colcon_core.package_identification:_identify(fc_msgs) by extensions ['ignore', 'ignore_ament_install']
[19.526s] Level 1:colcon.colcon_core.package_identification:_identify(fc_msgs) by extension 'ignore'
[19.528s] Level 1:colcon.colcon_core.package_identification:_identify(fc_msgs) by extension 'ignore_ament_install'
[19.533s] Level 1:colcon.colcon_core.package_identification:_identify(fc_msgs) by extensions ['colcon_pkg']
[19.533s] Level 1:colcon.colcon_core.package_identification:_identify(fc_msgs) by extension 'colcon_pkg'
[19.535s] Level 1:colcon.colcon_core.package_identification:_identify(fc_msgs) by extensions ['colcon_meta']
[19.536s] Level 1:colcon.colcon_core.package_identification:_identify(fc_msgs) by extension 'colcon_meta'
[19.537s] Level 1:colcon.colcon_core.package_identification:_identify(fc_msgs) by extensions ['ros']
[19.538s] Level 1:colcon.colcon_core.package_identification:_identify(fc_msgs) by extension 'ros'
[19.558s] DEBUG:colcon.colcon_core.package_identification:Package 'fc_msgs' with type 'ros.ament_cmake' and name 'fc_msgs'
[19.566s] Level 1:colcon.colcon_core.package_identification:_identify(final_challenge) by extensions ['ignore', 'ignore_ament_install']
[19.567s] Level 1:colcon.colcon_core.package_identification:_identify(final_challenge) by extension 'ignore'
[19.570s] Level 1:colcon.colcon_core.package_identification:_identify(final_challenge) by extension 'ignore_ament_install'
[19.573s] Level 1:colcon.colcon_core.package_identification:_identify(final_challenge) by extensions ['colcon_pkg']
[19.573s] Level 1:colcon.colcon_core.package_identification:_identify(final_challenge) by extension 'colcon_pkg'
[19.575s] Level 1:colcon.colcon_core.package_identification:_identify(final_challenge) by extensions ['colcon_meta']
[19.575s] Level 1:colcon.colcon_core.package_identification:_identify(final_challenge) by extension 'colcon_meta'
[19.576s] Level 1:colcon.colcon_core.package_identification:_identify(final_challenge) by extensions ['ros']
[19.577s] Level 1:colcon.colcon_core.package_identification:_identify(final_challenge) by extension 'ros'
[19.592s] DEBUG:colcon.colcon_core.package_identification:Package 'final_challenge' with type 'ros.ament_python' and name 'final_challenge'
[19.601s] Level 1:colcon.colcon_core.package_identification:_identify(install) by extensions ['ignore', 'ignore_ament_install']
[19.602s] Level 1:colcon.colcon_core.package_identification:_identify(install) by extension 'ignore'
[19.606s] Level 1:colcon.colcon_core.package_identification:_identify(install) ignored
[19.613s] Level 1:colcon.colcon_core.package_identification:_identify(log) by extensions ['ignore', 'ignore_ament_install']
[19.613s] Level 1:colcon.colcon_core.package_identification:_identify(log) by extension 'ignore'
[19.615s] Level 1:colcon.colcon_core.package_identification:_identify(log) ignored
[19.615s] Level 1:colcon.colcon_core.package_discovery:discover_packages(recursive) using defaults
[19.616s] Level 1:colcon.colcon_core.package_discovery:discover_packages(ignore) discover
[19.616s] Level 1:colcon.colcon_core.package_discovery:discover_packages(ignore) using defaults
[19.616s] Level 1:colcon.colcon_core.package_discovery:discover_packages(path) discover
[19.616s] Level 1:colcon.colcon_core.package_discovery:discover_packages(path) using defaults
[21.993s] Level 5:colcon.colcon_core.verb:set package 'fc_msgs' build argument 'cmake_args' from command line to 'None'
[21.994s] Level 5:colcon.colcon_core.verb:set package 'fc_msgs' build argument 'cmake_target' from command line to 'None'
[21.994s] Level 5:colcon.colcon_core.verb:set package 'fc_msgs' build argument 'cmake_target_skip_unavailable' from command line to 'False'
[21.995s] Level 5:colcon.colcon_core.verb:set package 'fc_msgs' build argument 'cmake_clean_cache' from command line to 'False'
[21.996s] Level 5:colcon.colcon_core.verb:set package 'fc_msgs' build argument 'cmake_clean_first' from command line to 'False'
[21.996s] Level 5:colcon.colcon_core.verb:set package 'fc_msgs' build argument 'cmake_force_configure' from command line to 'False'
[21.997s] Level 5:colcon.colcon_core.verb:set package 'fc_msgs' build argument 'ament_cmake_args' from command line to 'None'
[21.997s] Level 5:colcon.colcon_core.verb:set package 'fc_msgs' build argument 'catkin_cmake_args' from command line to 'None'
[21.998s] Level 5:colcon.colcon_core.verb:set package 'fc_msgs' build argument 'catkin_skip_building_tests' from command line to 'False'
[21.998s] DEBUG:colcon.colcon_core.verb:Building package 'fc_msgs' with the following arguments: {'ament_cmake_args': None, 'build_base': '/home/racecar/racecar_ws/src/final_challenge2024/build/fc_msgs', 'catkin_cmake_args': None, 'catkin_skip_building_tests': False, 'cmake_args': None, 'cmake_clean_cache': False, 'cmake_clean_first': False, 'cmake_force_configure': False, 'cmake_target': None, 'cmake_target_skip_unavailable': False, 'install_base': '/home/racecar/racecar_ws/src/final_challenge2024/install/fc_msgs', 'merge_install': False, 'path': '/home/racecar/racecar_ws/src/final_challenge2024/fc_msgs', 'symlink_install': True, 'test_result_base': None}
[22.500s] Level 5:colcon.colcon_core.verb:set package 'final_challenge' build argument 'cmake_args' from command line to 'None'
[22.501s] Level 5:colcon.colcon_core.verb:set package 'final_challenge' build argument 'cmake_target' from command line to 'None'
[22.501s] Level 5:colcon.colcon_core.verb:set package 'final_challenge' build argument 'cmake_target_skip_unavailable' from command line to 'False'
[22.502s] Level 5:colcon.colcon_core.verb:set package 'final_challenge' build argument 'cmake_clean_cache' from command line to 'False'
[22.503s] Level 5:colcon.colcon_core.verb:set package 'final_challenge' build argument 'cmake_clean_first' from command line to 'False'
[22.505s] Level 5:colcon.colcon_core.verb:set package 'final_challenge' build argument 'cmake_force_configure' from command line to 'False'
[22.506s] Level 5:colcon.colcon_core.verb:set package 'final_challenge' build argument 'ament_cmake_args' from command line to 'None'
[22.507s] Level 5:colcon.colcon_core.verb:set package 'final_challenge' build argument 'catkin_cmake_args' from command line to 'None'
[22.508s] Level 5:colcon.colcon_core.verb:set package 'final_challenge' build argument 'catkin_skip_building_tests' from command line to 'False'
[22.508s] DEBUG:colcon.colcon_core.verb:Building package 'final_challenge' with the following arguments: {'ament_cmake_args': None, 'build_base': '/home/racecar/racecar_ws/src/final_challenge2024/build/final_challenge', 'catkin_cmake_args': None, 'catkin_skip_building_tests': False, 'cmake_args': None, 'cmake_clean_cache': False, 'cmake_clean_first': False, 'cmake_force_configure': False, 'cmake_target': None, 'cmake_target_skip_unavailable': False, 'install_base': '/home/racecar/racecar_ws/src/final_challenge2024/install/final_challenge', 'merge_install': False, 'path': '/home/racecar/racecar_ws/src/final_challenge2024/final_challenge', 'symlink_install': True, 'test_result_base': None}
[22.913s] INFO:colcon.colcon_core.executor:Executing jobs using 'parallel' executor
[23.254s] DEBUG:colcon.colcon_parallel_executor.executor.parallel:run_until_complete
[23.257s] INFO:colcon.colcon_ros.task.ament_cmake.build:Building ROS package in '/home/racecar/racecar_ws/src/final_challenge2024/fc_msgs' with build type 'ament_cmake'
[23.258s] INFO:colcon.colcon_cmake.task.cmake.build:Building CMake package in '/home/racecar/racecar_ws/src/final_challenge2024/fc_msgs'
[23.743s] INFO:colcon.colcon_core.plugin_system:Skipping extension 'colcon_core.shell.bat': Not used on non-Windows systems
[23.744s] INFO:colcon.colcon_core.shell:Skip shell extension 'powershell' for command environment: Not usable outside of PowerShell
[23.744s] DEBUG:colcon.colcon_core.shell:Skip shell extension 'dsv' for command environment
[25.226s] INFO:colcon.colcon_ros.task.ament_python.build:Building ROS package in '/home/racecar/racecar_ws/src/final_challenge2024/final_challenge' with build type 'ament_python'
[25.227s] Level 1:colcon.colcon_core.shell:create_environment_hook('final_challenge', 'ament_prefix_path')
[25.554s] INFO:colcon.colcon_core.shell:Creating environment hook '/home/racecar/racecar_ws/src/final_challenge2024/install/final_challenge/share/final_challenge/hook/ament_prefix_path.ps1'
[25.601s] INFO:colcon.colcon_core.shell:Creating environment descriptor '/home/racecar/racecar_ws/src/final_challenge2024/install/final_challenge/share/final_challenge/hook/ament_prefix_path.dsv'
[25.634s] INFO:colcon.colcon_core.shell:Creating environment hook '/home/racecar/racecar_ws/src/final_challenge2024/install/final_challenge/share/final_challenge/hook/ament_prefix_path.sh'
[25.982s] INFO:colcon.colcon_core.shell:Skip shell extension 'powershell' for command environment: Not usable outside of PowerShell
[25.982s] DEBUG:colcon.colcon_core.shell:Skip shell extension 'dsv' for command environment
[27.398s] DEBUG:colcon.colcon_core.event_handler.log_command:Invoking command in '/home/racecar/racecar_ws/src/final_challenge2024/build/fc_msgs': CMAKE_PREFIX_PATH=${CMAKE_PREFIX_PATH}:/home/racecar/racecar_ws/install/wall_follower:/home/racecar/racecar_ws/install/visual_servoing:/home/racecar/racecar_ws/install/safety_controller:/home/racecar/racecar_ws/install/ros_exercises:/home/racecar/racecar_ws/install/path_planning:/home/racecar/racecar_ws/install/localization:/home/racecar/racecar_ws/install/final_challenge:/opt/ros/foxy /usr/bin/cmake /home/racecar/racecar_ws/src/final_challenge2024/fc_msgs -DAMENT_CMAKE_SYMLINK_INSTALL=1 -DCMAKE_INSTALL_PREFIX=/home/racecar/racecar_ws/src/final_challenge2024/install/fc_msgs
[39.690s] INFO:colcon.colcon_core.task.python.build:Building Python package in '/home/racecar/racecar_ws/src/final_challenge2024/final_challenge'
[40.016s] INFO:colcon.colcon_core.shell:Skip shell extension 'powershell' for command environment: Not usable outside of PowerShell
[40.017s] DEBUG:colcon.colcon_core.shell:Skip shell extension 'dsv' for command environment
[78.232s] DEBUG:colcon.colcon_core.event_handler.log_command:Invoking command in '/home/racecar/racecar_ws/src/final_challenge2024/build/final_challenge': PYTHONPATH=/home/racecar/racecar_ws/src/final_challenge2024/build/final_challenge/prefix_override:/home/racecar/racecar_ws/src/final_challenge2024/install/final_challenge/lib/python3.8/site-packages:${PYTHONPATH} /usr/bin/python3 setup.py develop --editable --build-directory /home/racecar/racecar_ws/src/final_challenge2024/build/final_challenge/build --no-deps install_data
[102.126s] Level 1:colcon.colcon_core.shell:create_environment_hook('final_challenge', 'pythonpath_develop')
[102.130s] DEBUG:colcon.colcon_core.event_handler.log_command:Invoked command in '/home/racecar/racecar_ws/src/final_challenge2024/build/final_challenge' returned '0': PYTHONPATH=/home/racecar/racecar_ws/src/final_challenge2024/build/final_challenge/prefix_override:/home/racecar/racecar_ws/src/final_challenge2024/install/final_challenge/lib/python3.8/site-packages:${PYTHONPATH} /usr/bin/python3 setup.py develop --editable --build-directory /home/racecar/racecar_ws/src/final_challenge2024/build/final_challenge/build --no-deps install_data
[102.499s] INFO:colcon.colcon_core.shell:Creating environment hook '/home/racecar/racecar_ws/src/final_challenge2024/build/final_challenge/share/final_challenge/hook/pythonpath_develop.ps1'
[102.556s] INFO:colcon.colcon_core.shell:Creating environment descriptor '/home/racecar/racecar_ws/src/final_challenge2024/build/final_challenge/share/final_challenge/hook/pythonpath_develop.dsv'
[102.589s] INFO:colcon.colcon_core.shell:Creating environment hook '/home/racecar/racecar_ws/src/final_challenge2024/build/final_challenge/share/final_challenge/hook/pythonpath_develop.sh'
[103.142s] Level 1:colcon.colcon_core.environment:checking '/home/racecar/racecar_ws/src/final_challenge2024/install/final_challenge' for CMake module files
[103.405s] Level 1:colcon.colcon_core.environment:checking '/home/racecar/racecar_ws/src/final_challenge2024/install/final_challenge' for CMake config files
[103.607s] Level 1:colcon.colcon_core.environment:checking '/home/racecar/racecar_ws/src/final_challenge2024/install/final_challenge/lib'
[103.618s] Level 1:colcon.colcon_core.environment:checking '/home/racecar/racecar_ws/src/final_challenge2024/install/final_challenge/bin'
[103.626s] Level 1:colcon.colcon_core.environment:checking '/home/racecar/racecar_ws/src/final_challenge2024/install/final_challenge/lib/pkgconfig/final_challenge.pc'
[103.632s] Level 1:colcon.colcon_core.environment:checking '/home/racecar/racecar_ws/src/final_challenge2024/install/final_challenge/lib/python3.8/site-packages'
[103.640s] Level 1:colcon.colcon_core.shell:create_environment_hook('final_challenge', 'pythonpath')
[104.036s] INFO:colcon.colcon_core.shell:Creating environment hook '/home/racecar/racecar_ws/src/final_challenge2024/install/final_challenge/share/final_challenge/hook/pythonpath.ps1'
[104.119s] INFO:colcon.colcon_core.shell:Creating environment descriptor '/home/racecar/racecar_ws/src/final_challenge2024/install/final_challenge/share/final_challenge/hook/pythonpath.dsv'
[104.207s] INFO:colcon.colcon_core.shell:Creating environment hook '/home/racecar/racecar_ws/src/final_challenge2024/install/final_challenge/share/final_challenge/hook/pythonpath.sh'
[104.265s] Level 1:colcon.colcon_core.environment:checking '/home/racecar/racecar_ws/src/final_challenge2024/install/final_challenge/bin'
[104.269s] Level 1:colcon.colcon_core.environment:create_environment_scripts_only(final_challenge)
[104.660s] INFO:colcon.colcon_core.shell:Creating package script '/home/racecar/racecar_ws/src/final_challenge2024/install/final_challenge/share/final_challenge/package.ps1'
[104.696s] INFO:colcon.colcon_core.shell:Creating package descriptor '/home/racecar/racecar_ws/src/final_challenge2024/install/final_challenge/share/final_challenge/package.dsv'
[104.731s] INFO:colcon.colcon_core.shell:Creating package script '/home/racecar/racecar_ws/src/final_challenge2024/install/final_challenge/share/final_challenge/package.sh'
[104.770s] INFO:colcon.colcon_core.shell:Creating package script '/home/racecar/racecar_ws/src/final_challenge2024/install/final_challenge/share/final_challenge/package.bash'
[104.814s] INFO:colcon.colcon_core.shell:Creating package script '/home/racecar/racecar_ws/src/final_challenge2024/install/final_challenge/share/final_challenge/package.zsh'
[104.859s] Level 1:colcon.colcon_core.environment:create_file_with_runtime_dependencies(/home/racecar/racecar_ws/src/final_challenge2024/install/final_challenge/share/colcon-core/packages/final_challenge)
[322.019s] DEBUG:colcon.colcon_core.event_handler.log_command:Invoked command in '/home/racecar/racecar_ws/src/final_challenge2024/build/fc_msgs' returned '0': CMAKE_PREFIX_PATH=${CMAKE_PREFIX_PATH}:/home/racecar/racecar_ws/install/wall_follower:/home/racecar/racecar_ws/install/visual_servoing:/home/racecar/racecar_ws/install/safety_controller:/home/racecar/racecar_ws/install/ros_exercises:/home/racecar/racecar_ws/install/path_planning:/home/racecar/racecar_ws/install/localization:/home/racecar/racecar_ws/install/final_challenge:/opt/ros/foxy /usr/bin/cmake /home/racecar/racecar_ws/src/final_challenge2024/fc_msgs -DAMENT_CMAKE_SYMLINK_INSTALL=1 -DCMAKE_INSTALL_PREFIX=/home/racecar/racecar_ws/src/final_challenge2024/install/fc_msgs
[322.057s] DEBUG:colcon.colcon_core.event_handler.log_command:Invoking command in '/home/racecar/racecar_ws/src/final_challenge2024/build/fc_msgs': CMAKE_PREFIX_PATH=${CMAKE_PREFIX_PATH}:/home/racecar/racecar_ws/install/wall_follower:/home/racecar/racecar_ws/install/visual_servoing:/home/racecar/racecar_ws/install/safety_controller:/home/racecar/racecar_ws/install/ros_exercises:/home/racecar/racecar_ws/install/path_planning:/home/racecar/racecar_ws/install/localization:/home/racecar/racecar_ws/install/final_challenge:/opt/ros/foxy /usr/bin/cmake --build /home/racecar/racecar_ws/src/final_challenge2024/build/fc_msgs -- -j16 -l16
[538.378s] DEBUG:colcon.colcon_core.event_handler.log_command:Invoked command in '/home/racecar/racecar_ws/src/final_challenge2024/build/fc_msgs' returned '0': CMAKE_PREFIX_PATH=${CMAKE_PREFIX_PATH}:/home/racecar/racecar_ws/install/wall_follower:/home/racecar/racecar_ws/install/visual_servoing:/home/racecar/racecar_ws/install/safety_controller:/home/racecar/racecar_ws/install/ros_exercises:/home/racecar/racecar_ws/install/path_planning:/home/racecar/racecar_ws/install/localization:/home/racecar/racecar_ws/install/final_challenge:/opt/ros/foxy /usr/bin/cmake --build /home/racecar/racecar_ws/src/final_challenge2024/build/fc_msgs -- -j16 -l16
[559.034s] DEBUG:colcon.colcon_core.event_handler.log_command:Invoking command in '/home/racecar/racecar_ws/src/final_challenge2024/build/fc_msgs': CMAKE_PREFIX_PATH=${CMAKE_PREFIX_PATH}:/home/racecar/racecar_ws/install/wall_follower:/home/racecar/racecar_ws/install/visual_servoing:/home/racecar/racecar_ws/install/safety_controller:/home/racecar/racecar_ws/install/ros_exercises:/home/racecar/racecar_ws/install/path_planning:/home/racecar/racecar_ws/install/localization:/home/racecar/racecar_ws/install/final_challenge:/opt/ros/foxy /usr/bin/cmake --install /home/racecar/racecar_ws/src/final_challenge2024/build/fc_msgs
[729.326s] Level 1:colcon.colcon_core.environment:create_environment_scripts_only(fc_msgs)
[729.332s] DEBUG:colcon.colcon_core.event_handler.log_command:Invoked command in '/home/racecar/racecar_ws/src/final_challenge2024/build/fc_msgs' returned '0': CMAKE_PREFIX_PATH=${CMAKE_PREFIX_PATH}:/home/racecar/racecar_ws/install/wall_follower:/home/racecar/racecar_ws/install/visual_servoing:/home/racecar/racecar_ws/install/safety_controller:/home/racecar/racecar_ws/install/ros_exercises:/home/racecar/racecar_ws/install/path_planning:/home/racecar/racecar_ws/install/localization:/home/racecar/racecar_ws/install/final_challenge:/opt/ros/foxy /usr/bin/cmake --install /home/racecar/racecar_ws/src/final_challenge2024/build/fc_msgs
[729.601s] Level 1:colcon.colcon_core.environment:checking '/home/racecar/racecar_ws/src/final_challenge2024/install/fc_msgs' for CMake module files
[730.086s] Level 1:colcon.colcon_core.environment:checking '/home/racecar/racecar_ws/src/final_challenge2024/install/fc_msgs' for CMake config files
[731.327s] Level 1:colcon.colcon_core.shell:create_environment_hook('fc_msgs', 'cmake_prefix_path')
[731.581s] INFO:colcon.colcon_core.shell:Creating environment hook '/home/racecar/racecar_ws/src/final_challenge2024/install/fc_msgs/share/fc_msgs/hook/cmake_prefix_path.ps1'
[731.603s] INFO:colcon.colcon_core.shell:Creating environment descriptor '/home/racecar/racecar_ws/src/final_challenge2024/install/fc_msgs/share/fc_msgs/hook/cmake_prefix_path.dsv'
[731.624s] INFO:colcon.colcon_core.shell:Creating environment hook '/home/racecar/racecar_ws/src/final_challenge2024/install/fc_msgs/share/fc_msgs/hook/cmake_prefix_path.sh'
[731.657s] Level 1:colcon.colcon_core.environment:checking '/home/racecar/racecar_ws/src/final_challenge2024/install/fc_msgs/lib'
[731.667s] Level 1:colcon.colcon_core.shell:create_environment_hook('fc_msgs', 'ld_library_path_lib')
[731.918s] INFO:colcon.colcon_core.shell:Creating environment hook '/home/racecar/racecar_ws/src/final_challenge2024/install/fc_msgs/share/fc_msgs/hook/ld_library_path_lib.ps1'
[731.947s] INFO:colcon.colcon_core.shell:Creating environment descriptor '/home/racecar/racecar_ws/src/final_challenge2024/install/fc_msgs/share/fc_msgs/hook/ld_library_path_lib.dsv'
[731.974s] INFO:colcon.colcon_core.shell:Creating environment hook '/home/racecar/racecar_ws/src/final_challenge2024/install/fc_msgs/share/fc_msgs/hook/ld_library_path_lib.sh'
[732.001s] Level 1:colcon.colcon_core.environment:checking '/home/racecar/racecar_ws/src/final_challenge2024/install/fc_msgs/bin'
[732.003s] Level 1:colcon.colcon_core.environment:checking '/home/racecar/racecar_ws/src/final_challenge2024/install/fc_msgs/lib/pkgconfig/fc_msgs.pc'
[732.006s] Level 1:colcon.colcon_core.environment:checking '/home/racecar/racecar_ws/src/final_challenge2024/install/fc_msgs/lib/python3.8/site-packages'
[732.010s] Level 1:colcon.colcon_core.shell:create_environment_hook('fc_msgs', 'pythonpath')
[732.290s] INFO:colcon.colcon_core.shell:Creating environment hook '/home/racecar/racecar_ws/src/final_challenge2024/install/fc_msgs/share/fc_msgs/hook/pythonpath.ps1'
[732.317s] INFO:colcon.colcon_core.shell:Creating environment descriptor '/home/racecar/racecar_ws/src/final_challenge2024/install/fc_msgs/share/fc_msgs/hook/pythonpath.dsv'
[732.343s] INFO:colcon.colcon_core.shell:Creating environment hook '/home/racecar/racecar_ws/src/final_challenge2024/install/fc_msgs/share/fc_msgs/hook/pythonpath.sh'
[732.368s] Level 1:colcon.colcon_core.environment:checking '/home/racecar/racecar_ws/src/final_challenge2024/install/fc_msgs/bin'
[732.615s] INFO:colcon.colcon_core.shell:Creating package script '/home/racecar/racecar_ws/src/final_challenge2024/install/fc_msgs/share/fc_msgs/package.ps1'
[732.642s] INFO:colcon.colcon_core.shell:Creating package descriptor '/home/racecar/racecar_ws/src/final_challenge2024/install/fc_msgs/share/fc_msgs/package.dsv'
[732.674s] INFO:colcon.colcon_core.shell:Creating package script '/home/racecar/racecar_ws/src/final_challenge2024/install/fc_msgs/share/fc_msgs/package.sh'
[732.703s] INFO:colcon.colcon_core.shell:Creating package script '/home/racecar/racecar_ws/src/final_challenge2024/install/fc_msgs/share/fc_msgs/package.bash'
[732.730s] INFO:colcon.colcon_core.shell:Creating package script '/home/racecar/racecar_ws/src/final_challenge2024/install/fc_msgs/share/fc_msgs/package.zsh'
[732.753s] Level 1:colcon.colcon_core.environment:create_file_with_runtime_dependencies(/home/racecar/racecar_ws/src/final_challenge2024/install/fc_msgs/share/colcon-core/packages/fc_msgs)
[778.910s] Level 1:colcon.colcon_core.environment:create_environment_scripts_only(fc_msgs)
[779.515s] Level 1:colcon.colcon_core.environment:checking '/home/racecar/racecar_ws/src/final_challenge2024/install/fc_msgs' for CMake module files
[780.974s] Level 1:colcon.colcon_core.environment:checking '/home/racecar/racecar_ws/src/final_challenge2024/install/fc_msgs' for CMake config files
[784.369s] Level 1:colcon.colcon_core.shell:create_environment_hook('fc_msgs', 'cmake_prefix_path')
[784.881s] INFO:colcon.colcon_core.shell:Creating environment hook '/home/racecar/racecar_ws/src/final_challenge2024/install/fc_msgs/share/fc_msgs/hook/cmake_prefix_path.ps1'
[784.950s] INFO:colcon.colcon_core.shell:Creating environment descriptor '/home/racecar/racecar_ws/src/final_challenge2024/install/fc_msgs/share/fc_msgs/hook/cmake_prefix_path.dsv'
[785.009s] INFO:colcon.colcon_core.shell:Creating environment hook '/home/racecar/racecar_ws/src/final_challenge2024/install/fc_msgs/share/fc_msgs/hook/cmake_prefix_path.sh'
[785.079s] Level 1:colcon.colcon_core.environment:checking '/home/racecar/racecar_ws/src/final_challenge2024/install/fc_msgs/lib'
[785.096s] Level 1:colcon.colcon_core.shell:create_environment_hook('fc_msgs', 'ld_library_path_lib')
[785.645s] INFO:colcon.colcon_core.shell:Creating environment hook '/home/racecar/racecar_ws/src/final_challenge2024/install/fc_msgs/share/fc_msgs/hook/ld_library_path_lib.ps1'
[785.756s] INFO:colcon.colcon_core.shell:Creating environment descriptor '/home/racecar/racecar_ws/src/final_challenge2024/install/fc_msgs/share/fc_msgs/hook/ld_library_path_lib.dsv'
[785.822s] INFO:colcon.colcon_core.shell:Creating environment hook '/home/racecar/racecar_ws/src/final_challenge2024/install/fc_msgs/share/fc_msgs/hook/ld_library_path_lib.sh'
[785.889s] Level 1:colcon.colcon_core.environment:checking '/home/racecar/racecar_ws/src/final_challenge2024/install/fc_msgs/bin'
[785.893s] Level 1:colcon.colcon_core.environment:checking '/home/racecar/racecar_ws/src/final_challenge2024/install/fc_msgs/lib/pkgconfig/fc_msgs.pc'
[785.904s] Level 1:colcon.colcon_core.environment:checking '/home/racecar/racecar_ws/src/final_challenge2024/install/fc_msgs/lib/python3.8/site-packages'
[785.918s] Level 1:colcon.colcon_core.shell:create_environment_hook('fc_msgs', 'pythonpath')
[786.551s] INFO:colcon.colcon_core.shell:Creating environment hook '/home/racecar/racecar_ws/src/final_challenge2024/install/fc_msgs/share/fc_msgs/hook/pythonpath.ps1'
[786.605s] INFO:colcon.colcon_core.shell:Creating environment descriptor '/home/racecar/racecar_ws/src/final_challenge2024/install/fc_msgs/share/fc_msgs/hook/pythonpath.dsv'
[786.656s] INFO:colcon.colcon_core.shell:Creating environment hook '/home/racecar/racecar_ws/src/final_challenge2024/install/fc_msgs/share/fc_msgs/hook/pythonpath.sh'
[786.726s] Level 1:colcon.colcon_core.environment:checking '/home/racecar/racecar_ws/src/final_challenge2024/install/fc_msgs/bin'
[787.220s] INFO:colcon.colcon_core.shell:Creating package script '/home/racecar/racecar_ws/src/final_challenge2024/install/fc_msgs/share/fc_msgs/package.ps1'
[787.272s] INFO:colcon.colcon_core.shell:Creating package descriptor '/home/racecar/racecar_ws/src/final_challenge2024/install/fc_msgs/share/fc_msgs/package.dsv'
[787.315s] INFO:colcon.colcon_core.shell:Creating package script '/home/racecar/racecar_ws/src/final_challenge2024/install/fc_msgs/share/fc_msgs/package.sh'
[787.369s] INFO:colcon.colcon_core.shell:Creating package script '/home/racecar/racecar_ws/src/final_challenge2024/install/fc_msgs/share/fc_msgs/package.bash'
[787.428s] INFO:colcon.colcon_core.shell:Creating package script '/home/racecar/racecar_ws/src/final_challenge2024/install/fc_msgs/share/fc_msgs/package.zsh'
[787.488s] Level 1:colcon.colcon_core.environment:create_file_with_runtime_dependencies(/home/racecar/racecar_ws/src/final_challenge2024/install/fc_msgs/share/colcon-core/packages/fc_msgs)
[787.544s] DEBUG:colcon.colcon_parallel_executor.executor.parallel:closing loop
[787.546s] DEBUG:colcon.colcon_parallel_executor.executor.parallel:loop closed
[787.548s] DEBUG:colcon.colcon_parallel_executor.executor.parallel:run_until_complete finished with '0'
[787.550s] DEBUG:colcon.colcon_core.event_reactor:joining thread
[788.737s] INFO:colcon.colcon_core.plugin_system:Skipping extension 'colcon_notification.desktop_notification.notify_send': Could not find 'notify-send'
[788.738s] INFO:colcon.colcon_core.plugin_system:Skipping extension 'colcon_notification.desktop_notification.terminal_notifier': Not used on non-Darwin systems
[788.739s] INFO:colcon.colcon_core.plugin_system:Skipping extension 'colcon_notification.desktop_notification.win32': Not used on non-Windows systems
[788.739s] INFO:colcon.colcon_notification.desktop_notification:Sending desktop notification using 'notify2'
[788.740s] DEBUG:colcon.colcon_notification.desktop_notification.notify2:Failed to initialize notify2: org.freedesktop.DBus.Error.NotSupported: Unable to autolaunch a dbus-daemon without a $DISPLAY for X11
[788.741s] DEBUG:colcon.colcon_core.event_reactor:joined thread
[789.169s] INFO:colcon.colcon_core.shell:Creating prefix script '/home/racecar/racecar_ws/src/final_challenge2024/install/local_setup.ps1'
[789.184s] INFO:colcon.colcon_core.shell:Creating prefix util module '/home/racecar/racecar_ws/src/final_challenge2024/install/_local_setup_util_ps1.py'
[789.208s] INFO:colcon.colcon_core.shell:Creating prefix chain script '/home/racecar/racecar_ws/src/final_challenge2024/install/setup.ps1'
[789.912s] INFO:colcon.colcon_core.shell:Creating prefix script '/home/racecar/racecar_ws/src/final_challenge2024/install/local_setup.sh'
[789.931s] INFO:colcon.colcon_core.shell:Creating prefix util module '/home/racecar/racecar_ws/src/final_challenge2024/install/_local_setup_util_sh.py'
[789.956s] INFO:colcon.colcon_core.shell:Creating prefix chain script '/home/racecar/racecar_ws/src/final_challenge2024/install/setup.sh'
[790.781s] INFO:colcon.colcon_core.shell:Creating prefix script '/home/racecar/racecar_ws/src/final_challenge2024/install/local_setup.bash'
[790.799s] INFO:colcon.colcon_core.shell:Creating prefix chain script '/home/racecar/racecar_ws/src/final_challenge2024/install/setup.bash'
[791.587s] INFO:colcon.colcon_core.shell:Creating prefix script '/home/racecar/racecar_ws/src/final_challenge2024/install/local_setup.zsh'
[791.622s] INFO:colcon.colcon_core.shell:Creating prefix chain script '/home/racecar/racecar_ws/src/final_challenge2024/install/setup.zsh'
