running develop
running egg_info
creating final_challenge.egg-info
writing final_challenge.egg-info/PKG-INFO
writing dependency_links to final_challenge.egg-info/dependency_links.txt
writing entry points to final_challenge.egg-info/entry_points.txt
writing requirements to final_challenge.egg-info/requires.txt
writing top-level names to final_challenge.egg-info/top_level.txt
writing manifest file 'final_challenge.egg-info/SOURCES.txt'
reading manifest file 'final_challenge.egg-info/SOURCES.txt'
writing manifest file 'final_challenge.egg-info/SOURCES.txt'
running build_ext
Creating /home/racecar/racecar_ws/src/final_challenge2024/install/final_challenge/lib/python3.8/site-packages/site.py
Creating /home/racecar/racecar_ws/src/final_challenge2024/install/final_challenge/lib/python3.8/site-packages/final-challenge.egg-link (link to .)
Installing BasementPointPub script to /home/racecar/racecar_ws/src/final_challenge2024/install/final_challenge/lib/final_challenge
Installing basement_point_publisher script to /home/racecar/racecar_ws/src/final_challenge2024/install/final_challenge/lib/final_challenge
Installing example_service script to /home/racecar/racecar_ws/src/final_challenge2024/install/final_challenge/lib/final_challenge
Installing fake_image_pub script to /home/racecar/racecar_ws/src/final_challenge2024/install/final_challenge/lib/final_challenge
Installing homography_service script to /home/racecar/racecar_ws/src/final_challenge2024/install/final_challenge/lib/final_challenge
Installing homography_transformer script to /home/racecar/racecar_ws/src/final_challenge2024/install/final_challenge/lib/final_challenge
Installing homograpy_client script to /home/racecar/racecar_ws/src/final_challenge2024/install/final_challenge/lib/final_challenge
Installing integration script to /home/racecar/racecar_ws/src/final_challenge2024/install/final_challenge/lib/final_challenge
Installing line_detector script to /home/racecar/racecar_ws/src/final_challenge2024/install/final_challenge/lib/final_challenge
Installing navigation_server script to /home/racecar/racecar_ws/src/final_challenge2024/install/final_challenge/lib/final_challenge
Installing parking_controller script to /home/racecar/racecar_ws/src/final_challenge2024/install/final_challenge/lib/final_challenge
Installing parking_controller_stoplight script to /home/racecar/racecar_ws/src/final_challenge2024/install/final_challenge/lib/final_challenge
Installing parking_controller_stopsign script to /home/racecar/racecar_ws/src/final_challenge2024/install/final_challenge/lib/final_challenge
Installing particle_filter script to /home/racecar/racecar_ws/src/final_challenge2024/install/final_challenge/lib/final_challenge
Installing path_plan_server script to /home/racecar/racecar_ws/src/final_challenge2024/install/final_challenge/lib/final_challenge
Installing pid_controller = final_challenge.luigi.PID:mainlane_projection_server script to /home/racecar/racecar_ws/src/final_challenge2024/install/final_challenge/lib/final_challenge
Installing safety_controller script to /home/racecar/racecar_ws/src/final_challenge2024/install/final_challenge/lib/final_challenge
Installing stop_detector script to /home/racecar/racecar_ws/src/final_challenge2024/install/final_challenge/lib/final_challenge
Installing stop_light_detector script to /home/racecar/racecar_ws/src/final_challenge2024/install/final_challenge/lib/final_challenge
Installing trajectory_planner script to /home/racecar/racecar_ws/src/final_challenge2024/install/final_challenge/lib/final_challenge

Installed /home/racecar/racecar_ws/src/final_challenge2024/build/final_challenge
running install_data
creating /home/racecar/racecar_ws/src/final_challenge2024/install/final_challenge/share/ament_index
creating /home/racecar/racecar_ws/src/final_challenge2024/install/final_challenge/share/ament_index/resource_index
creating /home/racecar/racecar_ws/src/final_challenge2024/install/final_challenge/share/ament_index/resource_index/packages
copying resource/final_challenge -> /home/racecar/racecar_ws/src/final_challenge2024/install/final_challenge/share/ament_index/resource_index/packages
copying package.xml -> /home/racecar/racecar_ws/src/final_challenge2024/install/final_challenge/share/final_challenge
creating /home/racecar/racecar_ws/src/final_challenge2024/install/final_challenge/share/final_challenge/launch
copying launch/previous.launch.xml -> /home/racecar/racecar_ws/src/final_challenge2024/install/final_challenge/share/final_challenge/launch
copying launch/projection_test.launch.xml -> /home/racecar/racecar_ws/src/final_challenge2024/install/final_challenge/share/final_challenge/launch
copying launch/real_luigi_launch.launch.xml -> /home/racecar/racecar_ws/src/final_challenge2024/install/final_challenge/share/final_challenge/launch
copying launch/real_track_launch.launch.xml -> /home/racecar/racecar_ws/src/final_challenge2024/install/final_challenge/share/final_challenge/launch
copying launch/sim_luigi_launch.launch.xml -> /home/racecar/racecar_ws/src/final_challenge2024/install/final_challenge/share/final_challenge/launch
copying launch/stop_sign.launch.xml -> /home/racecar/racecar_ws/src/final_challenge2024/install/final_challenge/share/final_challenge/launch
