[53.003s] Invoking command in '/home/racecar/racecar_ws/src/final_challenge2024/build/final_challenge': PYTHONPATH=/home/racecar/racecar_ws/src/final_challenge2024/build/final_challenge/prefix_override:/home/racecar/racecar_ws/src/final_challenge2024/install/final_challenge/lib/python3.8/site-packages:${PYTHONPATH} /usr/bin/python3 setup.py develop --editable --build-directory /home/racecar/racecar_ws/src/final_challenge2024/build/final_challenge/build --no-deps install_data
[69.700s] running develop
[72.702s] running egg_info
[72.705s] creating final_challenge.egg-info
[72.708s] writing final_challenge.egg-info/PKG-INFO
[72.721s] writing dependency_links to final_challenge.egg-info/dependency_links.txt
[72.731s] writing entry points to final_challenge.egg-info/entry_points.txt
[72.743s] writing requirements to final_challenge.egg-info/requires.txt
[72.749s] writing top-level names to final_challenge.egg-info/top_level.txt
[72.863s] writing manifest file 'final_challenge.egg-info/SOURCES.txt'
[73.301s] reading manifest file 'final_challenge.egg-info/SOURCES.txt'
[73.458s] writing manifest file 'final_challenge.egg-info/SOURCES.txt'
[74.683s] running build_ext
[74.690s] Creating /home/racecar/racecar_ws/src/final_challenge2024/install/final_challenge/lib/python3.8/site-packages/site.py
[74.899s] Creating /home/racecar/racecar_ws/src/final_challenge2024/install/final_challenge/lib/python3.8/site-packages/final-challenge.egg-link (link to .)
[74.948s] Installing BasementPointPub script to /home/racecar/racecar_ws/src/final_challenge2024/install/final_challenge/lib/final_challenge
[74.983s] Installing basement_point_publisher script to /home/racecar/racecar_ws/src/final_challenge2024/install/final_challenge/lib/final_challenge
[75.023s] Installing example_service script to /home/racecar/racecar_ws/src/final_challenge2024/install/final_challenge/lib/final_challenge
[75.067s] Installing fake_image_pub script to /home/racecar/racecar_ws/src/final_challenge2024/install/final_challenge/lib/final_challenge
[75.110s] Installing homography_service script to /home/racecar/racecar_ws/src/final_challenge2024/install/final_challenge/lib/final_challenge
[75.154s] Installing homography_transformer script to /home/racecar/racecar_ws/src/final_challenge2024/install/final_challenge/lib/final_challenge
[75.203s] Installing homograpy_client script to /home/racecar/racecar_ws/src/final_challenge2024/install/final_challenge/lib/final_challenge
[75.247s] Installing integration script to /home/racecar/racecar_ws/src/final_challenge2024/install/final_challenge/lib/final_challenge
[75.298s] Installing line_detector script to /home/racecar/racecar_ws/src/final_challenge2024/install/final_challenge/lib/final_challenge
[75.343s] Installing navigation_server script to /home/racecar/racecar_ws/src/final_challenge2024/install/final_challenge/lib/final_challenge
[75.388s] Installing parking_controller script to /home/racecar/racecar_ws/src/final_challenge2024/install/final_challenge/lib/final_challenge
[75.431s] Installing parking_controller_stoplight script to /home/racecar/racecar_ws/src/final_challenge2024/install/final_challenge/lib/final_challenge
[75.476s] Installing parking_controller_stopsign script to /home/racecar/racecar_ws/src/final_challenge2024/install/final_challenge/lib/final_challenge
[75.526s] Installing particle_filter script to /home/racecar/racecar_ws/src/final_challenge2024/install/final_challenge/lib/final_challenge
[75.585s] Installing path_plan_server script to /home/racecar/racecar_ws/src/final_challenge2024/install/final_challenge/lib/final_challenge
[75.660s] Installing pid_controller = final_challenge.luigi.PID:mainlane_projection_server script to /home/racecar/racecar_ws/src/final_challenge2024/install/final_challenge/lib/final_challenge
[75.704s] Installing safety_controller script to /home/racecar/racecar_ws/src/final_challenge2024/install/final_challenge/lib/final_challenge
[75.753s] Installing stop_detector script to /home/racecar/racecar_ws/src/final_challenge2024/install/final_challenge/lib/final_challenge
[75.798s] Installing stop_light_detector script to /home/racecar/racecar_ws/src/final_challenge2024/install/final_challenge/lib/final_challenge
[75.847s] Installing trajectory_planner script to /home/racecar/racecar_ws/src/final_challenge2024/install/final_challenge/lib/final_challenge
[75.907s] 
[75.913s] Installed /home/racecar/racecar_ws/src/final_challenge2024/build/final_challenge
[75.920s] running install_data
[75.946s] creating /home/racecar/racecar_ws/src/final_challenge2024/install/final_challenge/share/ament_index
[75.953s] creating /home/racecar/racecar_ws/src/final_challenge2024/install/final_challenge/share/ament_index/resource_index
[75.962s] creating /home/racecar/racecar_ws/src/final_challenge2024/install/final_challenge/share/ament_index/resource_index/packages
[76.008s] copying resource/final_challenge -> /home/racecar/racecar_ws/src/final_challenge2024/install/final_challenge/share/ament_index/resource_index/packages
[76.097s] copying package.xml -> /home/racecar/racecar_ws/src/final_challenge2024/install/final_challenge/share/final_challenge
[76.162s] creating /home/racecar/racecar_ws/src/final_challenge2024/install/final_challenge/share/final_challenge/launch
[76.206s] copying launch/previous.launch.xml -> /home/racecar/racecar_ws/src/final_challenge2024/install/final_challenge/share/final_challenge/launch
[76.310s] copying launch/projection_test.launch.xml -> /home/racecar/racecar_ws/src/final_challenge2024/install/final_challenge/share/final_challenge/launch
[76.413s] copying launch/real_luigi_launch.launch.xml -> /home/racecar/racecar_ws/src/final_challenge2024/install/final_challenge/share/final_challenge/launch
[76.514s] copying launch/real_track_launch.launch.xml -> /home/racecar/racecar_ws/src/final_challenge2024/install/final_challenge/share/final_challenge/launch
[76.625s] copying launch/sim_luigi_launch.launch.xml -> /home/racecar/racecar_ws/src/final_challenge2024/install/final_challenge/share/final_challenge/launch
[76.726s] copying launch/stop_sign.launch.xml -> /home/racecar/racecar_ws/src/final_challenge2024/install/final_challenge/share/final_challenge/launch
[76.903s] Invoked command in '/home/racecar/racecar_ws/src/final_challenge2024/build/final_challenge' returned '0': PYTHONPATH=/home/racecar/racecar_ws/src/final_challenge2024/build/final_challenge/prefix_override:/home/racecar/racecar_ws/src/final_challenge2024/install/final_challenge/lib/python3.8/site-packages:${PYTHONPATH} /usr/bin/python3 setup.py develop --editable --build-directory /home/racecar/racecar_ws/src/final_challenge2024/build/final_challenge/build --no-deps install_data
